New log file opened at Mon Jun 29 13:11:31 BST 2015 by 14876@Chunf-PC
jvm 14876@Chunf-PC
jvm vmName=Java HotSpot(TM) 64-Bit Server VM vmVendor=Oracle Corporation vmVersion=25.45-b02
jvm specName=Java Virtual Machine Specification specVendor=Oracle Corporation specVersion=1.8
jvm arguments: [-Xms256m, -Xmx1024m, -XX:MetaspaceSize=64m, -XX:MaxMetaspaceSize=256m]
Starting event engine
Starting sbt command engine
Waiting for sbt command engine
Command engine arguments=List()
Command engine baseDirectory=C:\play framework\hackfest\play-java-intro
Command engine initial remaining commands List(--initialize, onFailure load-failed, boot, server-send-ready-for-request, server-handle-next-server-request)
> --initialize
> initialize
> onFailure load-failed
> boot
> reload
[Loading] Scanning directory C:\play framework\hackfest\play-java-intro\project
[Loading] Found non-root projects 
[Loading] Done in C:\play framework\hackfest\play-java-intro\project, returning: ()
deducing auto plugins based on known facts Set(Atom(sbt.plugins.CorePlugin)) and clauses Clauses(List(Clause(Atom(sbt.plugins.JvmPlugin),Set(Atom(sbt.plugins.IvyPlugin))), Clause(Atom(sbt.plugins.JUnitXmlReportPlugin),Set(Atom(sbt.plugins.JvmPlugin))), Clause(Atom(sbt.plugins.CorePlugin),Set(Atom(sbt.plugins.IvyPlugin))), Clause(Atom(sbt.plugins.IvyPlugin),Set(Atom(sbt.plugins.JvmPlugin))), Clause(Atom(sbt.plugins.JvmPlugin),Set(Atom(sbt.plugins.JUnitXmlReportPlugin)))))
  :: deduced result: Matched(sbt.plugins.CorePlugin,sbt.plugins.IvyPlugin,sbt.plugins.JvmPlugin,sbt.plugins.JUnitXmlReportPlugin)
sorting: ns: List(sbt.plugins.CorePlugin, sbt.plugins.IvyPlugin, sbt.plugins.JvmPlugin, sbt.plugins.JUnitXmlReportPlugin)
  :: sorting:: found: List(sbt.plugins.CorePlugin) not found List(sbt.plugins.IvyPlugin, sbt.plugins.JvmPlugin, sbt.plugins.JUnitXmlReportPlugin)
  :: sorting:: found: List(sbt.plugins.CorePlugin, sbt.plugins.IvyPlugin) not found List(sbt.plugins.JvmPlugin, sbt.plugins.JUnitXmlReportPlugin)
  :: sorting:: found: List(sbt.plugins.CorePlugin, sbt.plugins.IvyPlugin, sbt.plugins.JvmPlugin) not found List(sbt.plugins.JUnitXmlReportPlugin)
  :: sorting:: found: List(sbt.plugins.CorePlugin, sbt.plugins.IvyPlugin, sbt.plugins.JvmPlugin, sbt.plugins.JUnitXmlReportPlugin) not found List()
  :: sorted deduced result: List(sbt.plugins.CorePlugin, sbt.plugins.IvyPlugin, sbt.plugins.JvmPlugin, sbt.plugins.JUnitXmlReportPlugin)
[Loading] Done in C:\play framework\hackfest\play-java-intro\project, returning: (play-java-intro-build)
Loading project definition from C:\play framework\hackfest\play-java-intro\project
Running task... Cancel: sbt.TaskCancellationStrategy$Null$@687df996, check cycles: false

Initial source changes: 
	removed:Set()
	added: Set()
	modified: Set()
Removed products: Set()
External API changes: API Changes: Set()
Modified binary dependencies: Set()
Initial directly invalidated sources: Set()

Sources indirectly invalidated by:
	product: Set()
	binary dep: Set()
	external source: Set()
All initially invalidated sources: Set()

Copy resource mappings: 
	
[Loading] Scanning directory C:\play framework\hackfest\play-java-intro
[Loading] Found root project root w/ remaining 
deducing auto plugins based on known facts Set(Atom(play.sbt.PlayJava), Atom(sbt.plugins.CorePlugin)) and clauses Clauses(List(Clause(Atom(sbt.plugins.JvmPlugin),Set(Atom(sbt.plugins.IvyPlugin))), Clause(Atom(sbt.plugins.JUnitXmlReportPlugin),Set(Atom(sbt.plugins.JvmPlugin))), Clause(Atom(play.sbt.forkrun.PlayForkRun),Set(Atom(sbt.plugins.BackgroundRunPlugin))), Clause(Atom(play.sbt.forkrun.PlayForkRun),Set(Atom(play.sbt.Play))), Clause(Atom(play.sbt.forkrun.PlayForkRun),Set(Atom(sbt.plugins.SerializersPlugin))), Clause(Atom(play.sbt.Play),Set(Atom(com.typesafe.sbt.packager.archetypes.JavaServerAppPackaging))), Clause(Atom(play.sbt.Play),Set(Atom(play.sbt.routes.RoutesCompiler))), Clause(Atom(play.sbt.Play),Set(Atom(play.twirl.sbt.SbtTwirl))), Clause(Atom(play.sbt.Play),Set(Atom(com.typesafe.sbt.jse.SbtJsTask))), Clause(Atom(play.sbt.PlayAkkaHttpServer),Set(Atom(play.sbt.Play))), Clause(Atom(play.sbt.PlayJava),Set(Atom(play.sbt.Play))), Clause(Atom(play.sbt.PlayLayoutPlugin),Set(Atom(play.sbt.Play))), Clause(Atom(play.sbt.PlayNettyServer),Set(Atom(play.sbt.Play))), Clause(Atom(play.sbt.PlayScala),Set(Atom(play.sbt.Play))), Clause(Atom(play.sbt.routes.RoutesCompiler),Set(Atom(sbt.plugins.JvmPlugin))), Clause(Atom(play.twirl.sbt.SbtTwirl),Set(Atom(sbt.plugins.JvmPlugin))), Clause(Atom(com.typesafe.sbt.packager.archetypes.AkkaAppPackaging),Set(Atom(com.typesafe.sbt.packager.archetypes.JavaAppPackaging))), Clause(Atom(com.typesafe.sbt.packager.archetypes.JavaAppPackaging),Set(Atom(com.typesafe.sbt.packager.windows.WindowsPlugin))), Clause(Atom(com.typesafe.sbt.packager.archetypes.JavaAppPackaging),Set(Atom(com.typesafe.sbt.packager.docker.DockerPlugin))), Clause(Atom(com.typesafe.sbt.packager.archetypes.JavaAppPackaging),Set(Atom(com.typesafe.sbt.packager.debian.DebianPlugin))), Clause(Atom(com.typesafe.sbt.packager.archetypes.JavaAppPackaging),Set(Atom(com.typesafe.sbt.packager.rpm.RpmPlugin))), Clause(Atom(com.typesafe.sbt.packager.archetypes.JavaServerAppPackaging),Set(Atom(com.typesafe.sbt.packager.archetypes.JavaAppPackaging))), Clause(Atom(com.typesafe.sbt.packager.archetypes.jar.ClasspathJarPlugin),Set(Atom(com.typesafe.sbt.packager.archetypes.JavaAppPackaging))), Clause(Atom(com.typesafe.sbt.packager.archetypes.jar.LauncherJarPlugin),Set(Atom(com.typesafe.sbt.packager.archetypes.JavaAppPackaging))), Clause(Atom(com.typesafe.sbt.packager.debian.DebianDeployPlugin),Set(Atom(com.typesafe.sbt.packager.debian.DebianPlugin))), Clause(Atom(com.typesafe.sbt.packager.debian.DebianPlugin),Set(Atom(com.typesafe.sbt.packager.linux.LinuxPlugin))), Clause(Atom(com.typesafe.sbt.packager.debian.JDebPackaging),Set(Atom(com.typesafe.sbt.packager.debian.DebianPlugin))), Clause(Atom(com.typesafe.sbt.packager.docker.DockerPlugin),Set(Atom(com.typesafe.sbt.packager.universal.UniversalPlugin))), Clause(Atom(com.typesafe.sbt.packager.jdkpackager.JDKPackagerDeployPlugin),Set(Atom(com.typesafe.sbt.packager.jdkpackager.JDKPackagerPlugin))), Clause(Atom(com.typesafe.sbt.packager.jdkpackager.JDKPackagerPlugin),Set(Atom(com.typesafe.sbt.packager.archetypes.JavaAppPackaging))), Clause(Atom(com.typesafe.sbt.packager.jdkpackager.JDKPackagerPlugin),Set(Atom(com.typesafe.sbt.packager.archetypes.jar.ClasspathJarPlugin))), Clause(Atom(com.typesafe.sbt.packager.linux.LinuxPlugin),Set(Atom(com.typesafe.sbt.packager.universal.UniversalPlugin))), Clause(Atom(com.typesafe.sbt.packager.rpm.RpmDeployPlugin),Set(Atom(com.typesafe.sbt.packager.rpm.RpmPlugin))), Clause(Atom(com.typesafe.sbt.packager.rpm.RpmPlugin),Set(Atom(com.typesafe.sbt.packager.linux.LinuxPlugin))), Clause(Atom(com.typesafe.sbt.packager.universal.UniversalDeployPlugin),Set(Atom(com.typesafe.sbt.packager.universal.UniversalPlugin))), Clause(Atom(com.typesafe.sbt.packager.universal.UniversalPlugin),Set(Atom(com.typesafe.sbt.SbtNativePackager))), Clause(Atom(com.typesafe.sbt.packager.windows.WindowsDeployPlugin),Set(Atom(com.typesafe.sbt.packager.windows.WindowsPlugin))), Clause(Atom(com.typesafe.sbt.packager.windows.WindowsPlugin),Set(Atom(com.typesafe.sbt.packager.universal.UniversalPlugin))), Clause(Atom(com.typesafe.sbt.web.SbtWeb),Set(Atom(sbt.plugins.JvmPlugin))), Clause(Atom(com.typesafe.sbt.jse.SbtJsEngine),Set(Atom(com.typesafe.sbt.web.SbtWeb))), Clause(Atom(com.typesafe.sbt.jse.SbtJsTask),Set(Atom(com.typesafe.sbt.jse.SbtJsEngine))), Clause(Atom(sbt.plugins.BackgroundRunPlugin),Set(Atom(sbt.plugins.JvmPlugin))), Clause(Atom(com.typesafe.sbt.coffeescript.SbtCoffeeScript),Set(Atom(com.typesafe.sbt.jse.SbtJsTask))), Clause(Atom(com.typesafe.sbt.less.SbtLess),Set(Atom(com.typesafe.sbt.jse.SbtJsTask))), Clause(Atom(com.typesafe.sbt.jshint.SbtJSHint),Set(Atom(com.typesafe.sbt.jse.SbtJsTask))), Clause(Atom(com.typesafe.sbt.rjs.SbtRjs),Set(Atom(com.typesafe.sbt.jse.SbtJsTask))), Clause(Atom(com.typesafe.sbt.digest.SbtDigest),Set(Atom(com.typesafe.sbt.web.SbtWeb))), Clause(Atom(com.typesafe.sbt.mocha.SbtMocha),Set(Atom(com.typesafe.sbt.jse.SbtJsTask))), Clause(Atom(com.typesafe.play.sbt.enhancer.PlayEnhancer),Set(Atom(sbt.plugins.JvmPlugin))), Clause(Atom(sbt.plugins.CorePlugin),Set(Atom(sbt.plugins.IvyPlugin))), Clause(Atom(sbt.plugins.IvyPlugin),Set(Atom(sbt.plugins.JvmPlugin))), Clause(Atom(sbt.plugins.JvmPlugin),Set(Atom(sbt.plugins.JUnitXmlReportPlugin))), Clause(And(Set(Atom(sbt.plugins.BackgroundRunPlugin), Atom(play.sbt.Play), Atom(sbt.plugins.SerializersPlugin))),Set(Atom(play.sbt.forkrun.PlayForkRun))), Clause(Atom(play.sbt.Play),Set(Atom(play.sbt.PlayLayoutPlugin))), Clause(Atom(play.sbt.Play),Set(Atom(play.sbt.PlayNettyServer))), Clause(Atom(com.typesafe.sbt.web.SbtWeb),Set(Atom(com.typesafe.sbt.jse.SbtJsEngine))), Clause(Atom(com.typesafe.sbt.jse.SbtJsEngine),Set(Atom(com.typesafe.sbt.jse.SbtJsTask))), Clause(Atom(sbt.plugins.JvmPlugin),Set(Atom(sbt.plugins.BackgroundRunPlugin))), Clause(Atom(sbt.plugins.CorePlugin),Set(Atom(sbt.plugins.InteractionServicePlugin))), Clause(Atom(sbt.plugins.CorePlugin),Set(Atom(sbt.plugins.SendEventServicePlugin))), Clause(Atom(sbt.plugins.CorePlugin),Set(Atom(sbt.plugins.SerializersPlugin))), Clause(Atom(com.typesafe.sbt.jse.SbtJsTask),Set(Atom(com.typesafe.sbt.coffeescript.SbtCoffeeScript))), Clause(Atom(com.typesafe.sbt.jse.SbtJsTask),Set(Atom(com.typesafe.sbt.less.SbtLess))), Clause(Atom(com.typesafe.sbt.jse.SbtJsTask),Set(Atom(com.typesafe.sbt.jshint.SbtJSHint))), Clause(Atom(com.typesafe.sbt.jse.SbtJsTask),Set(Atom(com.typesafe.sbt.rjs.SbtRjs))), Clause(Atom(com.typesafe.sbt.web.SbtWeb),Set(Atom(com.typesafe.sbt.digest.SbtDigest))), Clause(Atom(com.typesafe.sbt.jse.SbtJsTask),Set(Atom(com.typesafe.sbt.mocha.SbtMocha))), Clause(Atom(sbt.plugins.JvmPlugin),Set(Atom(com.typesafe.play.sbt.enhancer.PlayEnhancer)))))
  :: deduced result: Matched(sbt.plugins.CorePlugin,play.sbt.PlayJava,sbt.plugins.InteractionServicePlugin,sbt.plugins.SendEventServicePlugin,play.sbt.Play,sbt.plugins.SerializersPlugin,sbt.plugins.IvyPlugin,com.typesafe.sbt.packager.archetypes.JavaServerAppPackaging,play.twirl.sbt.SbtTwirl,sbt.plugins.JvmPlugin,play.sbt.PlayNettyServer,play.sbt.PlayLayoutPlugin,play.sbt.routes.RoutesCompiler,com.typesafe.sbt.jse.SbtJsTask,com.typesafe.sbt.jshint.SbtJSHint,com.typesafe.play.sbt.enhancer.PlayEnhancer,com.typesafe.sbt.packager.archetypes.JavaAppPackaging,sbt.plugins.JUnitXmlReportPlugin,com.typesafe.sbt.mocha.SbtMocha,com.typesafe.sbt.less.SbtLess,com.typesafe.sbt.rjs.SbtRjs,com.typesafe.sbt.jse.SbtJsEngine,com.typesafe.sbt.coffeescript.SbtCoffeeScript,sbt.plugins.BackgroundRunPlugin,com.typesafe.sbt.packager.rpm.RpmPlugin,com.typesafe.sbt.packager.windows.WindowsPlugin,com.typesafe.sbt.web.SbtWeb,com.typesafe.sbt.packager.docker.DockerPlugin,play.sbt.forkrun.PlayForkRun,com.typesafe.sbt.packager.debian.DebianPlugin,com.typesafe.sbt.digest.SbtDigest,com.typesafe.sbt.packager.universal.UniversalPlugin,com.typesafe.sbt.packager.linux.LinuxPlugin,com.typesafe.sbt.SbtNativePackager)
sorting: ns: List(sbt.plugins.CorePlugin, play.sbt.PlayJava, sbt.plugins.InteractionServicePlugin, sbt.plugins.SendEventServicePlugin, play.sbt.Play, sbt.plugins.SerializersPlugin, sbt.plugins.IvyPlugin, com.typesafe.sbt.packager.archetypes.JavaServerAppPackaging, play.twirl.sbt.SbtTwirl, sbt.plugins.JvmPlugin, play.sbt.PlayNettyServer, play.sbt.PlayLayoutPlugin, play.sbt.routes.RoutesCompiler, com.typesafe.sbt.jse.SbtJsTask, com.typesafe.sbt.jshint.SbtJSHint, com.typesafe.play.sbt.enhancer.PlayEnhancer, com.typesafe.sbt.packager.archetypes.JavaAppPackaging, sbt.plugins.JUnitXmlReportPlugin, com.typesafe.sbt.mocha.SbtMocha, com.typesafe.sbt.less.SbtLess, com.typesafe.sbt.rjs.SbtRjs, com.typesafe.sbt.jse.SbtJsEngine, com.typesafe.sbt.coffeescript.SbtCoffeeScript, sbt.plugins.BackgroundRunPlugin, com.typesafe.sbt.packager.rpm.RpmPlugin, com.typesafe.sbt.packager.windows.WindowsPlugin, com.typesafe.sbt.web.SbtWeb, com.typesafe.sbt.packager.docker.DockerPlugin, play.sbt.forkrun.PlayForkRun, com.typesafe.sbt.packager.debian.DebianPlugin, com.typesafe.sbt.digest.SbtDigest, com.typesafe.sbt.packager.universal.UniversalPlugin, com.typesafe.sbt.packager.linux.LinuxPlugin, com.typesafe.sbt.SbtNativePackager)
  :: sorting:: found: List(sbt.plugins.CorePlugin, com.typesafe.sbt.SbtNativePackager) not found List(play.sbt.PlayJava, sbt.plugins.InteractionServicePlugin, sbt.plugins.SendEventServicePlugin, play.sbt.Play, sbt.plugins.SerializersPlugin, sbt.plugins.IvyPlugin, com.typesafe.sbt.packager.archetypes.JavaServerAppPackaging, play.twirl.sbt.SbtTwirl, sbt.plugins.JvmPlugin, play.sbt.PlayNettyServer, play.sbt.PlayLayoutPlugin, play.sbt.routes.RoutesCompiler, com.typesafe.sbt.jse.SbtJsTask, com.typesafe.sbt.jshint.SbtJSHint, com.typesafe.play.sbt.enhancer.PlayEnhancer, com.typesafe.sbt.packager.archetypes.JavaAppPackaging, sbt.plugins.JUnitXmlReportPlugin, com.typesafe.sbt.mocha.SbtMocha, com.typesafe.sbt.less.SbtLess, com.typesafe.sbt.rjs.SbtRjs, com.typesafe.sbt.jse.SbtJsEngine, com.typesafe.sbt.coffeescript.SbtCoffeeScript, sbt.plugins.BackgroundRunPlugin, com.typesafe.sbt.packager.rpm.RpmPlugin, com.typesafe.sbt.packager.windows.WindowsPlugin, com.typesafe.sbt.web.SbtWeb, com.typesafe.sbt.packager.docker.DockerPlugin, play.sbt.forkrun.PlayForkRun, com.typesafe.sbt.packager.debian.DebianPlugin, com.typesafe.sbt.digest.SbtDigest, com.typesafe.sbt.packager.universal.UniversalPlugin, com.typesafe.sbt.packager.linux.LinuxPlugin)
  :: sorting:: found: List(sbt.plugins.CorePlugin, com.typesafe.sbt.SbtNativePackager, sbt.plugins.InteractionServicePlugin, sbt.plugins.SendEventServicePlugin, sbt.plugins.SerializersPlugin, sbt.plugins.IvyPlugin, com.typesafe.sbt.packager.universal.UniversalPlugin) not found List(play.sbt.PlayJava, play.sbt.Play, com.typesafe.sbt.packager.archetypes.JavaServerAppPackaging, play.twirl.sbt.SbtTwirl, sbt.plugins.JvmPlugin, play.sbt.PlayNettyServer, play.sbt.PlayLayoutPlugin, play.sbt.routes.RoutesCompiler, com.typesafe.sbt.jse.SbtJsTask, com.typesafe.sbt.jshint.SbtJSHint, com.typesafe.play.sbt.enhancer.PlayEnhancer, com.typesafe.sbt.packager.archetypes.JavaAppPackaging, sbt.plugins.JUnitXmlReportPlugin, com.typesafe.sbt.mocha.SbtMocha, com.typesafe.sbt.less.SbtLess, com.typesafe.sbt.rjs.SbtRjs, com.typesafe.sbt.jse.SbtJsEngine, com.typesafe.sbt.coffeescript.SbtCoffeeScript, sbt.plugins.BackgroundRunPlugin, com.typesafe.sbt.packager.rpm.RpmPlugin, com.typesafe.sbt.packager.windows.WindowsPlugin, com.typesafe.sbt.web.SbtWeb, com.typesafe.sbt.packager.docker.DockerPlugin, play.sbt.forkrun.PlayForkRun, com.typesafe.sbt.packager.debian.DebianPlugin, com.typesafe.sbt.digest.SbtDigest, com.typesafe.sbt.packager.linux.LinuxPlugin)
  :: sorting:: found: List(sbt.plugins.CorePlugin, com.typesafe.sbt.SbtNativePackager, sbt.plugins.InteractionServicePlugin, sbt.plugins.SendEventServicePlugin, sbt.plugins.SerializersPlugin, sbt.plugins.IvyPlugin, com.typesafe.sbt.packager.universal.UniversalPlugin, sbt.plugins.JvmPlugin, com.typesafe.sbt.packager.windows.WindowsPlugin, com.typesafe.sbt.packager.docker.DockerPlugin, com.typesafe.sbt.packager.linux.LinuxPlugin) not found List(play.sbt.PlayJava, play.sbt.Play, com.typesafe.sbt.packager.archetypes.JavaServerAppPackaging, play.twirl.sbt.SbtTwirl, play.sbt.PlayNettyServer, play.sbt.PlayLayoutPlugin, play.sbt.routes.RoutesCompiler, com.typesafe.sbt.jse.SbtJsTask, com.typesafe.sbt.jshint.SbtJSHint, com.typesafe.play.sbt.enhancer.PlayEnhancer, com.typesafe.sbt.packager.archetypes.JavaAppPackaging, sbt.plugins.JUnitXmlReportPlugin, com.typesafe.sbt.mocha.SbtMocha, com.typesafe.sbt.less.SbtLess, com.typesafe.sbt.rjs.SbtRjs, com.typesafe.sbt.jse.SbtJsEngine, com.typesafe.sbt.coffeescript.SbtCoffeeScript, sbt.plugins.BackgroundRunPlugin, com.typesafe.sbt.packager.rpm.RpmPlugin, com.typesafe.sbt.web.SbtWeb, play.sbt.forkrun.PlayForkRun, com.typesafe.sbt.packager.debian.DebianPlugin, com.typesafe.sbt.digest.SbtDigest)
  :: sorting:: found: List(sbt.plugins.CorePlugin, com.typesafe.sbt.SbtNativePackager, sbt.plugins.InteractionServicePlugin, sbt.plugins.SendEventServicePlugin, sbt.plugins.SerializersPlugin, sbt.plugins.IvyPlugin, com.typesafe.sbt.packager.universal.UniversalPlugin, sbt.plugins.JvmPlugin, com.typesafe.sbt.packager.windows.WindowsPlugin, com.typesafe.sbt.packager.docker.DockerPlugin, com.typesafe.sbt.packager.linux.LinuxPlugin, play.twirl.sbt.SbtTwirl, play.sbt.routes.RoutesCompiler, com.typesafe.play.sbt.enhancer.PlayEnhancer, sbt.plugins.JUnitXmlReportPlugin, sbt.plugins.BackgroundRunPlugin, com.typesafe.sbt.packager.rpm.RpmPlugin, com.typesafe.sbt.web.SbtWeb, com.typesafe.sbt.packager.debian.DebianPlugin) not found List(play.sbt.PlayJava, play.sbt.Play, com.typesafe.sbt.packager.archetypes.JavaServerAppPackaging, play.sbt.PlayNettyServer, play.sbt.PlayLayoutPlugin, com.typesafe.sbt.jse.SbtJsTask, com.typesafe.sbt.jshint.SbtJSHint, com.typesafe.sbt.packager.archetypes.JavaAppPackaging, com.typesafe.sbt.mocha.SbtMocha, com.typesafe.sbt.less.SbtLess, com.typesafe.sbt.rjs.SbtRjs, com.typesafe.sbt.jse.SbtJsEngine, com.typesafe.sbt.coffeescript.SbtCoffeeScript, play.sbt.forkrun.PlayForkRun, com.typesafe.sbt.digest.SbtDigest)
  :: sorting:: found: List(sbt.plugins.CorePlugin, com.typesafe.sbt.SbtNativePackager, sbt.plugins.InteractionServicePlugin, sbt.plugins.SendEventServicePlugin, sbt.plugins.SerializersPlugin, sbt.plugins.IvyPlugin, com.typesafe.sbt.packager.universal.UniversalPlugin, sbt.plugins.JvmPlugin, com.typesafe.sbt.packager.windows.WindowsPlugin, com.typesafe.sbt.packager.docker.DockerPlugin, com.typesafe.sbt.packager.linux.LinuxPlugin, play.twirl.sbt.SbtTwirl, play.sbt.routes.RoutesCompiler, com.typesafe.play.sbt.enhancer.PlayEnhancer, sbt.plugins.JUnitXmlReportPlugin, sbt.plugins.BackgroundRunPlugin, com.typesafe.sbt.packager.rpm.RpmPlugin, com.typesafe.sbt.web.SbtWeb, com.typesafe.sbt.packager.debian.DebianPlugin, com.typesafe.sbt.packager.archetypes.JavaAppPackaging, com.typesafe.sbt.jse.SbtJsEngine, com.typesafe.sbt.digest.SbtDigest) not found List(play.sbt.PlayJava, play.sbt.Play, com.typesafe.sbt.packager.archetypes.JavaServerAppPackaging, play.sbt.PlayNettyServer, play.sbt.PlayLayoutPlugin, com.typesafe.sbt.jse.SbtJsTask, com.typesafe.sbt.jshint.SbtJSHint, com.typesafe.sbt.mocha.SbtMocha, com.typesafe.sbt.less.SbtLess, com.typesafe.sbt.rjs.SbtRjs, com.typesafe.sbt.coffeescript.SbtCoffeeScript, play.sbt.forkrun.PlayForkRun)
  :: sorting:: found: List(sbt.plugins.CorePlugin, com.typesafe.sbt.SbtNativePackager, sbt.plugins.InteractionServicePlugin, sbt.plugins.SendEventServicePlugin, sbt.plugins.SerializersPlugin, sbt.plugins.IvyPlugin, com.typesafe.sbt.packager.universal.UniversalPlugin, sbt.plugins.JvmPlugin, com.typesafe.sbt.packager.windows.WindowsPlugin, com.typesafe.sbt.packager.docker.DockerPlugin, com.typesafe.sbt.packager.linux.LinuxPlugin, play.twirl.sbt.SbtTwirl, play.sbt.routes.RoutesCompiler, com.typesafe.play.sbt.enhancer.PlayEnhancer, sbt.plugins.JUnitXmlReportPlugin, sbt.plugins.BackgroundRunPlugin, com.typesafe.sbt.packager.rpm.RpmPlugin, com.typesafe.sbt.web.SbtWeb, com.typesafe.sbt.packager.debian.DebianPlugin, com.typesafe.sbt.packager.archetypes.JavaAppPackaging, com.typesafe.sbt.jse.SbtJsEngine, com.typesafe.sbt.digest.SbtDigest, com.typesafe.sbt.packager.archetypes.JavaServerAppPackaging, com.typesafe.sbt.jse.SbtJsTask) not found List(play.sbt.PlayJava, play.sbt.Play, play.sbt.PlayNettyServer, play.sbt.PlayLayoutPlugin, com.typesafe.sbt.jshint.SbtJSHint, com.typesafe.sbt.mocha.SbtMocha, com.typesafe.sbt.less.SbtLess, com.typesafe.sbt.rjs.SbtRjs, com.typesafe.sbt.coffeescript.SbtCoffeeScript, play.sbt.forkrun.PlayForkRun)
  :: sorting:: found: List(sbt.plugins.CorePlugin, com.typesafe.sbt.SbtNativePackager, sbt.plugins.InteractionServicePlugin, sbt.plugins.SendEventServicePlugin, sbt.plugins.SerializersPlugin, sbt.plugins.IvyPlugin, com.typesafe.sbt.packager.universal.UniversalPlugin, sbt.plugins.JvmPlugin, com.typesafe.sbt.packager.windows.WindowsPlugin, com.typesafe.sbt.packager.docker.DockerPlugin, com.typesafe.sbt.packager.linux.LinuxPlugin, play.twirl.sbt.SbtTwirl, play.sbt.routes.RoutesCompiler, com.typesafe.play.sbt.enhancer.PlayEnhancer, sbt.plugins.JUnitXmlReportPlugin, sbt.plugins.BackgroundRunPlugin, com.typesafe.sbt.packager.rpm.RpmPlugin, com.typesafe.sbt.web.SbtWeb, com.typesafe.sbt.packager.debian.DebianPlugin, com.typesafe.sbt.packager.archetypes.JavaAppPackaging, com.typesafe.sbt.jse.SbtJsEngine, com.typesafe.sbt.digest.SbtDigest, com.typesafe.sbt.packager.archetypes.JavaServerAppPackaging, com.typesafe.sbt.jse.SbtJsTask, play.sbt.Play, com.typesafe.sbt.jshint.SbtJSHint, com.typesafe.sbt.mocha.SbtMocha, com.typesafe.sbt.less.SbtLess, com.typesafe.sbt.rjs.SbtRjs, com.typesafe.sbt.coffeescript.SbtCoffeeScript) not found List(play.sbt.PlayJava, play.sbt.PlayNettyServer, play.sbt.PlayLayoutPlugin, play.sbt.forkrun.PlayForkRun)
  :: sorting:: found: List(sbt.plugins.CorePlugin, com.typesafe.sbt.SbtNativePackager, sbt.plugins.InteractionServicePlugin, sbt.plugins.SendEventServicePlugin, sbt.plugins.SerializersPlugin, sbt.plugins.IvyPlugin, com.typesafe.sbt.packager.universal.UniversalPlugin, sbt.plugins.JvmPlugin, com.typesafe.sbt.packager.windows.WindowsPlugin, com.typesafe.sbt.packager.docker.DockerPlugin, com.typesafe.sbt.packager.linux.LinuxPlugin, play.twirl.sbt.SbtTwirl, play.sbt.routes.RoutesCompiler, com.typesafe.play.sbt.enhancer.PlayEnhancer, sbt.plugins.JUnitXmlReportPlugin, sbt.plugins.BackgroundRunPlugin, com.typesafe.sbt.packager.rpm.RpmPlugin, com.typesafe.sbt.web.SbtWeb, com.typesafe.sbt.packager.debian.DebianPlugin, com.typesafe.sbt.packager.archetypes.JavaAppPackaging, com.typesafe.sbt.jse.SbtJsEngine, com.typesafe.sbt.digest.SbtDigest, com.typesafe.sbt.packager.archetypes.JavaServerAppPackaging, com.typesafe.sbt.jse.SbtJsTask, play.sbt.Play, com.typesafe.sbt.jshint.SbtJSHint, com.typesafe.sbt.mocha.SbtMocha, com.typesafe.sbt.less.SbtLess, com.typesafe.sbt.rjs.SbtRjs, com.typesafe.sbt.coffeescript.SbtCoffeeScript, play.sbt.PlayJava, play.sbt.PlayNettyServer, play.sbt.PlayLayoutPlugin, play.sbt.forkrun.PlayForkRun) not found List()
  :: sorted deduced result: List(sbt.plugins.CorePlugin, com.typesafe.sbt.SbtNativePackager, sbt.plugins.InteractionServicePlugin, sbt.plugins.SendEventServicePlugin, sbt.plugins.SerializersPlugin, sbt.plugins.IvyPlugin, com.typesafe.sbt.packager.universal.UniversalPlugin, sbt.plugins.JvmPlugin, com.typesafe.sbt.packager.windows.WindowsPlugin, com.typesafe.sbt.packager.docker.DockerPlugin, com.typesafe.sbt.packager.linux.LinuxPlugin, play.twirl.sbt.SbtTwirl, play.sbt.routes.RoutesCompiler, com.typesafe.play.sbt.enhancer.PlayEnhancer, sbt.plugins.JUnitXmlReportPlugin, sbt.plugins.BackgroundRunPlugin, com.typesafe.sbt.packager.rpm.RpmPlugin, com.typesafe.sbt.web.SbtWeb, com.typesafe.sbt.packager.debian.DebianPlugin, com.typesafe.sbt.packager.archetypes.JavaAppPackaging, com.typesafe.sbt.jse.SbtJsEngine, com.typesafe.sbt.digest.SbtDigest, com.typesafe.sbt.packager.archetypes.JavaServerAppPackaging, com.typesafe.sbt.jse.SbtJsTask, play.sbt.Play, com.typesafe.sbt.jshint.SbtJSHint, com.typesafe.sbt.mocha.SbtMocha, com.typesafe.sbt.less.SbtLess, com.typesafe.sbt.rjs.SbtRjs, com.typesafe.sbt.coffeescript.SbtCoffeeScript, play.sbt.PlayJava, play.sbt.PlayNettyServer, play.sbt.PlayLayoutPlugin, play.sbt.forkrun.PlayForkRun)
[Loading] Done in C:\play framework\hackfest\play-java-intro, returning: (root)
Set current project to play-java-intro (in build file:/C:/play%20framework/hackfest/play-java-intro/)
Reapplying settings...
Set current project to play-java-intro (in build file:/C:/play%20framework/hackfest/play-java-intro/)
> iflast shell
> server-send-ready-for-request
> server-handle-next-server-request
> compile
Evaluating tasks: compile:compile
Running task... Cancel: sbt.server.ServerTaskCancellation@13d3e558, check cycles: false

Initial source changes: 
	removed:Set()
	added: Set()
	modified: Set()
Removed products: Set()
External API changes: API Changes: Set()
Modified binary dependencies: Set()
Initial directly invalidated sources: Set()

Sources indirectly invalidated by:
	product: Set()
	binary dep: Set()
	external source: Set()
All initially invalidated sources: Set()

Total time: 7 s, completed Jun 29, 2015 1:12:36 PM
> server-post-command-cleanup
> server-handle-next-server-request
> {file:/C:/play%20framework/hackfest/play-java-intro/}root/compile:discoveredMainClasses
Evaluating tasks: compile:discoveredMainClasses
Running task... Cancel: sbt.server.ServerTaskCancellation@3279e836, check cycles: false

Initial source changes: 
	removed:Set()
	added: Set()
	modified: Set()
Removed products: Set()
External API changes: API Changes: Set()
Modified binary dependencies: Set()
Initial directly invalidated sources: Set()

Sources indirectly invalidated by:
	product: Set()
	binary dep: Set()
	external source: Set()
All initially invalidated sources: Set()

Total time: 2 s, completed Jun 29, 2015 1:12:39 PM
> server-post-command-cleanup
> server-handle-next-server-request
> {file:/C:/play%20framework/hackfest/play-java-intro/}root/compile:mainClass
Evaluating tasks: compile:mainClass
Running task... Cancel: sbt.server.ServerTaskCancellation@1ee4b499, check cycles: false
Total time: 0 s, completed Jun 29, 2015 1:12:39 PM
> server-post-command-cleanup
> server-handle-next-server-request
> backgroundRun
Evaluating tasks: compile:backgroundRun
Running task... Cancel: sbt.server.ServerTaskCancellation@45975dc6, check cycles: false
Total time: 1 s, completed Jun 29, 2015 1:14:37 PM
> server-post-command-cleanup
> server-handle-next-server-request
> {file:/C:/play%20framework/hackfest/play-java-intro/}root/*:playForkConfig
Evaluating tasks: *:playForkConfig
Running task... Cancel: sbt.server.ServerTaskCancellation@7c65e2a5, check cycles: false
Total time: 2 s, completed Jun 29, 2015 1:14:44 PM
> server-post-command-cleanup
> server-handle-next-server-request
> root/playForkNotifyStart http://localhost:9000
Evaluating tasks: *:playForkNotifyStart
Running task... Cancel: sbt.server.ServerTaskCancellation@663a3e6d, check cycles: false
Total time: 0 s, completed Jun 29, 2015 1:14:48 PM
> server-post-command-cleanup
> server-handle-next-server-request
> {file:/C:/play%20framework/hackfest/play-java-intro/}root/*:playForkReload
Evaluating tasks: *:playForkReload
Running task... Cancel: sbt.server.ServerTaskCancellation@7f8d11a8, check cycles: false

Initial source changes: 
	removed:Set()
	added: Set()
	modified: Set()
Removed products: Set()
External API changes: API Changes: Set()
Modified binary dependencies: Set()
Initial directly invalidated sources: Set()

Sources indirectly invalidated by:
	product: Set()
	binary dep: Set()
	external source: Set()
All initially invalidated sources: Set()

Copy resource mappings: 
	(C:\play framework\hackfest\play-java-intro\conf\application.conf,C:\play framework\hackfest\play-java-intro\target\scala-2.10\classes\application.conf)
	(C:\play framework\hackfest\play-java-intro\conf\logback.xml,C:\play framework\hackfest\play-java-intro\target\scala-2.10\classes\logback.xml)
	(C:\play framework\hackfest\play-java-intro\conf\META-INF,C:\play framework\hackfest\play-java-intro\target\scala-2.10\classes\META-INF)
	(C:\play framework\hackfest\play-java-intro\conf\routes,C:\play framework\hackfest\play-java-intro\target\scala-2.10\classes\routes)
	(C:\play framework\hackfest\play-java-intro\conf\META-INF\persistence.xml,C:\play framework\hackfest\play-java-intro\target\scala-2.10\classes\META-INF\persistence.xml)
Warning: node.js detection failed, sbt will use the Rhino based Trireme JavaScript engine instead to run JavaScript assets compilation, which in some cases may be orders of magnitude slower than using node.js.
Total time: 6 s, completed Jun 29, 2015 1:14:57 PM
> server-post-command-cleanup
> server-handle-next-server-request
> jobStop 1
Evaluating tasks: *:jobStop
Running task... Cancel: sbt.server.ServerTaskCancellation@606f6a5a, check cycles: false
Total time: 0 s, completed Jun 29, 2015 4:08:53 PM
> server-post-command-cleanup
> server-handle-next-server-request
