New log file opened at Sun Jun 28 12:22:06 BST 2015 by 10896@Chunf-PC
Sending msg to client play-fork-run-96a2a7d4-4fd1-45cf-9a97-cc2fa04d62e3: DetachedLogEvent(LogMessage(debug,sbt server socket logs are in: C:\play framework\hackfest\play-java-intro\.sbtserver\connections\master.log))
Sending msg to client play-fork-run-96a2a7d4-4fd1-45cf-9a97-cc2fa04d62e3: DetachedLogEvent(LogMessage(debug,sbt general server logs are in: C:\play framework\hackfest\play-java-intro\.sbtserver\master.log))
Sending msg to client play-fork-run-96a2a7d4-4fd1-45cf-9a97-cc2fa04d62e3: DetachedLogEvent(LogMessage(debug,sbt client logs are in: C:\play framework\hackfest\play-java-intro\.sbtserver\connections\play-fork-run-96a2a7d4-4fd1-45cf-9a97-cc2fa04d62e3.log))
Reading next message from client.
Got request: DaemonRequest(true)
Reading next message from client.
Sending msg to client play-fork-run-96a2a7d4-4fd1-45cf-9a97-cc2fa04d62e3: (3,ReceivedResponse())
Got request: ListenToEvents()
Reading next message from client.
Sending msg to client play-fork-run-96a2a7d4-4fd1-45cf-9a97-cc2fa04d62e3: BackgroundJobStarted(38,BackgroundJobInfo(3,backgroundRun,AttributeKey[sbt.BackgroundJobHandle]("backgroundRun") in Scope(Build: file:/C:/play%20framework/hackfest/play-java-intro/, , Project: ProjectReference(file:/C:/play%20framework/hackfest/play-java-intro/,root), Config: compile)))
Got request: KeyLookupRequest(root/playForkConfig)
Reading next message from client.
Sending msg to client play-fork-run-96a2a7d4-4fd1-45cf-9a97-cc2fa04d62e3: BackgroundJobStarted(32,BackgroundJobInfo(2,backgroundRun,AttributeKey[sbt.BackgroundJobHandle]("backgroundRun") in Scope(Build: file:/C:/play%20framework/hackfest/play-java-intro/, , Project: ProjectReference(file:/C:/play%20framework/hackfest/play-java-intro/,root), Config: compile)))
Sending msg to client play-fork-run-96a2a7d4-4fd1-45cf-9a97-cc2fa04d62e3: (4,ReceivedResponse())
Sending msg to client play-fork-run-96a2a7d4-4fd1-45cf-9a97-cc2fa04d62e3: (5,KeyLookupResponse(root/playForkConfig,Vector(AttributeKey[play.forkrun.protocol.ForkConfig]("playForkConfig") in Scope(Build: file:/C:/play%20framework/hackfest/play-java-intro/, , Project: ProjectReference(file:/C:/play%20framework/hackfest/play-java-intro/,root)))))
Got request: ListenToValue(AttributeKey[play.forkrun.protocol.ForkConfig]("playForkConfig") in Scope(Build: file:/C:/play%20framework/hackfest/play-java-intro/, , Project: ProjectReference(file:/C:/play%20framework/hackfest/play-java-intro/,root)))
Reading next message from client.
Sending msg to client play-fork-run-96a2a7d4-4fd1-45cf-9a97-cc2fa04d62e3: (6,ReceivedResponse())
Got request: KeyExecutionRequest(AttributeKey[play.forkrun.protocol.ForkConfig]("playForkConfig") in Scope(Build: file:/C:/play%20framework/hackfest/play-java-intro/, , Project: ProjectReference(file:/C:/play%20framework/hackfest/play-java-intro/,root)))
Reading next message from client.
Sending msg to client play-fork-run-96a2a7d4-4fd1-45cf-9a97-cc2fa04d62e3: (7,ExecutionRequestReceived(39))
Sending msg to client play-fork-run-96a2a7d4-4fd1-45cf-9a97-cc2fa04d62e3: ExecutionWaiting(39,{file:/C:/play%20framework/hackfest/play-java-intro/}root/*:playForkConfig,ClientInfo(96a2a7d4-4fd1-45cf-9a97-cc2fa04d62e3,play-fork-run,Play Fork Run,1,Vector()))
Sending msg to client play-fork-run-96a2a7d4-4fd1-45cf-9a97-cc2fa04d62e3: ExecutionStarting(39)
Sending msg to client play-fork-run-96a2a7d4-4fd1-45cf-9a97-cc2fa04d62e3: DetachedLogEvent(LogMessage(debug,> {file:/C:/play%20framework/hackfest/play-java-intro/}root/*:playForkConfig))
Sending msg to client play-fork-run-96a2a7d4-4fd1-45cf-9a97-cc2fa04d62e3: DetachedLogEvent(LogMessage(debug,Evaluating tasks: *:playForkConfig))
Sending msg to client play-fork-run-96a2a7d4-4fd1-45cf-9a97-cc2fa04d62e3: DetachedLogEvent(LogMessage(debug,Running task... Cancel: sbt.server.ServerTaskCancellation@7ddf2e04, check cycles: false))
Sending msg to client play-fork-run-96a2a7d4-4fd1-45cf-9a97-cc2fa04d62e3: DetachedLogEvent(LogMessage(debug,cancel strategy start enabled=true lastCommand=Some(LastCommand(CommandExecutionWork(ExecutionId(39),{file:/C:/play%20framework/hackfest/play-java-intro/}root/*:playForkConfig,Set(LiveClient(play-fork-run 96a2a7d4-4fd1-45cf-9a97-cc2fa04d62e3)),sbt.server.WorkCancellationStatus$$anon$1@428e751f)))))
Sending msg to client play-fork-run-96a2a7d4-4fd1-45cf-9a97-cc2fa04d62e3: TaskStarted(39,6276,Some(AttributeKey[java.lang.String]("updateCacheName") in Scope(Build: file:/C:/play%20framework/hackfest/play-java-intro/, , Project: ProjectReference(file:/C:/play%20framework/hackfest/play-java-intro/,root))))
Sending msg to client play-fork-run-96a2a7d4-4fd1-45cf-9a97-cc2fa04d62e3: TaskStarted(39,6278,None)
Sending msg to client play-fork-run-96a2a7d4-4fd1-45cf-9a97-cc2fa04d62e3: TaskStarted(39,6279,None)
Sending msg to client play-fork-run-96a2a7d4-4fd1-45cf-9a97-cc2fa04d62e3: TaskStarted(39,6281,None)
Sending msg to client play-fork-run-96a2a7d4-4fd1-45cf-9a97-cc2fa04d62e3: TaskStarted(39,6287,Some(AttributeKey[scala.Option[scala.collection.Seq[sbt.Resolver]]]("bootResolvers") in Scope(Build: file:/C:/play%20framework/hackfest/play-java-intro/, , Project: ProjectReference(file:/C:/play%20framework/hackfest/play-java-intro/,root))))
Sending msg to client play-fork-run-96a2a7d4-4fd1-45cf-9a97-cc2fa04d62e3: TaskStarted(39,6288,Some(AttributeKey[scala.collection.Seq[sbt.Resolver]]("externalResolvers") in Scope(Build: file:/C:/play%20framework/hackfest/play-java-intro/, , Project: ProjectReference(file:/C:/play%20framework/hackfest/play-java-intro/,root))))
Sending msg to client play-fork-run-96a2a7d4-4fd1-45cf-9a97-cc2fa04d62e3: TaskStarted(39,6294,None)
Sending msg to client play-fork-run-96a2a7d4-4fd1-45cf-9a97-cc2fa04d62e3: TaskStarted(39,6296,Some(AttributeKey[scala.collection.Seq[sbt.Credentials]]("credentials") in Scope(Global)))
Sending msg to client play-fork-run-96a2a7d4-4fd1-45cf-9a97-cc2fa04d62e3: TaskStarted(39,6301,None)
Sending msg to client play-fork-run-96a2a7d4-4fd1-45cf-9a97-cc2fa04d62e3: TaskStarted(39,6305,Some(AttributeKey[boolean]("skip") in Scope(Global)))
Sending msg to client play-fork-run-96a2a7d4-4fd1-45cf-9a97-cc2fa04d62e3: TaskStarted(39,6307,None)
Sending msg to client play-fork-run-96a2a7d4-4fd1-45cf-9a97-cc2fa04d62e3: TaskStarted(39,6309,None)
Sending msg to client play-fork-run-96a2a7d4-4fd1-45cf-9a97-cc2fa04d62e3: TaskStarted(39,6310,Some(AttributeKey[scala.Option[java.lang.String]]("mainClass") in Scope(Build: file:/C:/play%20framework/hackfest/play-java-intro/, , Project: ProjectReference(file:/C:/play%20framework/hackfest/play-java-intro/,root), Config: compile, Task: AttributeKey[void]("run"))))
Sending msg to client play-fork-run-96a2a7d4-4fd1-45cf-9a97-cc2fa04d62e3: TaskStarted(39,6311,Some(AttributeKey[scala.collection.Seq[java.lang.String]]("javaOptions") in Scope(Global)))
Sending msg to client play-fork-run-96a2a7d4-4fd1-45cf-9a97-cc2fa04d62e3: TaskStarted(39,6313,Some(AttributeKey[scala.Tuple2[java.lang.String,java.io.File]]("playPrefixAndAssets") in Scope(Build: file:/C:/play%20framework/hackfest/play-java-intro/, , Project: ProjectReference(file:/C:/play%20framework/hackfest/play-java-intro/,root))))
Sending msg to client play-fork-run-96a2a7d4-4fd1-45cf-9a97-cc2fa04d62e3: TaskStarted(39,6322,None)
Sending msg to client play-fork-run-96a2a7d4-4fd1-45cf-9a97-cc2fa04d62e3: TaskFinished(39,6276,Some(AttributeKey[java.lang.String]("updateCacheName") in Scope(Build: file:/C:/play%20framework/hackfest/play-java-intro/, , Project: ProjectReference(file:/C:/play%20framework/hackfest/play-java-intro/,root))),true,None)
Sending msg to client play-fork-run-96a2a7d4-4fd1-45cf-9a97-cc2fa04d62e3: TaskFinished(39,6279,None,true,None)
Sending msg to client play-fork-run-96a2a7d4-4fd1-45cf-9a97-cc2fa04d62e3: TaskFinished(39,6281,None,true,None)
Sending msg to client play-fork-run-96a2a7d4-4fd1-45cf-9a97-cc2fa04d62e3: TaskStarted(39,6280,None)
Sending msg to client play-fork-run-96a2a7d4-4fd1-45cf-9a97-cc2fa04d62e3: TaskStarted(39,6284,None)
Sending msg to client play-fork-run-96a2a7d4-4fd1-45cf-9a97-cc2fa04d62e3: TaskStarted(39,6291,None)
Sending msg to client play-fork-run-96a2a7d4-4fd1-45cf-9a97-cc2fa04d62e3: TaskStarted(39,6295,None)
Sending msg to client play-fork-run-96a2a7d4-4fd1-45cf-9a97-cc2fa04d62e3: TaskStarted(39,6304,None)
Sending msg to client play-fork-run-96a2a7d4-4fd1-45cf-9a97-cc2fa04d62e3: TaskStarted(39,6317,None)
Sending msg to client play-fork-run-96a2a7d4-4fd1-45cf-9a97-cc2fa04d62e3: TaskStarted(39,6324,None)
Sending msg to client play-fork-run-96a2a7d4-4fd1-45cf-9a97-cc2fa04d62e3: TaskStarted(39,6326,None)
Sending msg to client play-fork-run-96a2a7d4-4fd1-45cf-9a97-cc2fa04d62e3: TaskFinished(39,6287,Some(AttributeKey[scala.Option[scala.collection.Seq[sbt.Resolver]]]("bootResolvers") in Scope(Build: file:/C:/play%20framework/hackfest/play-java-intro/, , Project: ProjectReference(file:/C:/play%20framework/hackfest/play-java-intro/,root))),true,None)
Sending msg to client play-fork-run-96a2a7d4-4fd1-45cf-9a97-cc2fa04d62e3: TaskFinished(39,6288,Some(AttributeKey[scala.collection.Seq[sbt.Resolver]]("externalResolvers") in Scope(Build: file:/C:/play%20framework/hackfest/play-java-intro/, , Project: ProjectReference(file:/C:/play%20framework/hackfest/play-java-intro/,root))),true,None)
Sending msg to client play-fork-run-96a2a7d4-4fd1-45cf-9a97-cc2fa04d62e3: TaskFinished(39,6294,None,true,None)
Sending msg to client play-fork-run-96a2a7d4-4fd1-45cf-9a97-cc2fa04d62e3: TaskStarted(39,6293,Some(AttributeKey[sbt.BuildStructure]("buildStructure") in Scope(Global)))
Sending msg to client play-fork-run-96a2a7d4-4fd1-45cf-9a97-cc2fa04d62e3: TaskStarted(39,6300,Some(AttributeKey[java.io.File]("dependencyCacheDirectory") in Scope(Build: file:/C:/play%20framework/hackfest/play-java-intro/, , Project: ProjectReference(file:/C:/play%20framework/hackfest/play-java-intro/,root))))
Sending msg to client play-fork-run-96a2a7d4-4fd1-45cf-9a97-cc2fa04d62e3: TaskFinished(39,6296,Some(AttributeKey[scala.collection.Seq[sbt.Credentials]]("credentials") in Scope(Global)),true,None)
Sending msg to client play-fork-run-96a2a7d4-4fd1-45cf-9a97-cc2fa04d62e3: TaskFinished(39,6301,None,true,None)
Sending msg to client play-fork-run-96a2a7d4-4fd1-45cf-9a97-cc2fa04d62e3: TaskFinished(39,6305,Some(AttributeKey[boolean]("skip") in Scope(Global)),true,None)
Sending msg to client play-fork-run-96a2a7d4-4fd1-45cf-9a97-cc2fa04d62e3: TaskFinished(39,6307,None,true,None)
Sending msg to client play-fork-run-96a2a7d4-4fd1-45cf-9a97-cc2fa04d62e3: TaskFinished(39,6309,None,true,None)
Sending msg to client play-fork-run-96a2a7d4-4fd1-45cf-9a97-cc2fa04d62e3: TaskFinished(39,6310,Some(AttributeKey[scala.Option[java.lang.String]]("mainClass") in Scope(Build: file:/C:/play%20framework/hackfest/play-java-intro/, , Project: ProjectReference(file:/C:/play%20framework/hackfest/play-java-intro/,root), Config: compile, Task: AttributeKey[void]("run"))),true,None)
Sending msg to client play-fork-run-96a2a7d4-4fd1-45cf-9a97-cc2fa04d62e3: TaskFinished(39,6311,Some(AttributeKey[scala.collection.Seq[java.lang.String]]("javaOptions") in Scope(Global)),true,None)
Sending msg to client play-fork-run-96a2a7d4-4fd1-45cf-9a97-cc2fa04d62e3: TaskFinished(39,6313,Some(AttributeKey[scala.Tuple2[java.lang.String,java.io.File]]("playPrefixAndAssets") in Scope(Build: file:/C:/play%20framework/hackfest/play-java-intro/, , Project: ProjectReference(file:/C:/play%20framework/hackfest/play-java-intro/,root))),true,None)
Sending msg to client play-fork-run-96a2a7d4-4fd1-45cf-9a97-cc2fa04d62e3: TaskStarted(39,6312,Some(AttributeKey[scala.collection.Seq[scala.Tuple2[java.lang.String,java.io.File]]]("playAllAssets") in Scope(Build: file:/C:/play%20framework/hackfest/play-java-intro/, , Project: ProjectReference(file:/C:/play%20framework/hackfest/play-java-intro/,root))))
Sending msg to client play-fork-run-96a2a7d4-4fd1-45cf-9a97-cc2fa04d62e3: TaskFinished(39,6322,None,true,None)
Sending msg to client play-fork-run-96a2a7d4-4fd1-45cf-9a97-cc2fa04d62e3: TaskFinished(39,6278,None,true,None)
Sending msg to client play-fork-run-96a2a7d4-4fd1-45cf-9a97-cc2fa04d62e3: TaskStarted(39,6277,Some(AttributeKey[scala.collection.Seq[sbt.UpdateReport]]("transitiveUpdate") in Scope(Build: file:/C:/play%20framework/hackfest/play-java-intro/, , Project: ProjectReference(file:/C:/play%20framework/hackfest/play-java-intro/,root))))
Sending msg to client play-fork-run-96a2a7d4-4fd1-45cf-9a97-cc2fa04d62e3: TaskFinished(39,6284,None,true,None)
Sending msg to client play-fork-run-96a2a7d4-4fd1-45cf-9a97-cc2fa04d62e3: TaskFinished(39,6291,None,true,None)
Sending msg to client play-fork-run-96a2a7d4-4fd1-45cf-9a97-cc2fa04d62e3: TaskFinished(39,6295,None,true,None)
Sending msg to client play-fork-run-96a2a7d4-4fd1-45cf-9a97-cc2fa04d62e3: TaskFinished(39,6304,None,true,None)
Sending msg to client play-fork-run-96a2a7d4-4fd1-45cf-9a97-cc2fa04d62e3: TaskStarted(39,6303,Some(AttributeKey[scala.collection.immutable.Map[sbt.ModuleID,sbt.SourcePosition]]("dependencyPositions") in Scope(Build: file:/C:/play%20framework/hackfest/play-java-intro/, , Project: ProjectReference(file:/C:/play%20framework/hackfest/play-java-intro/,root))))
Sending msg to client play-fork-run-96a2a7d4-4fd1-45cf-9a97-cc2fa04d62e3: TaskFinished(39,6317,None,true,None)
Sending msg to client play-fork-run-96a2a7d4-4fd1-45cf-9a97-cc2fa04d62e3: TaskFinished(39,6324,None,true,None)
Sending msg to client play-fork-run-96a2a7d4-4fd1-45cf-9a97-cc2fa04d62e3: TaskFinished(39,6326,None,true,None)
Sending msg to client play-fork-run-96a2a7d4-4fd1-45cf-9a97-cc2fa04d62e3: TaskFinished(39,6293,Some(AttributeKey[sbt.BuildStructure]("buildStructure") in Scope(Global)),true,None)
Sending msg to client play-fork-run-96a2a7d4-4fd1-45cf-9a97-cc2fa04d62e3: TaskStarted(39,6292,Some(AttributeKey[sbt.Settings[sbt.Scope]]("settingsData") in Scope(Global)))
Sending msg to client play-fork-run-96a2a7d4-4fd1-45cf-9a97-cc2fa04d62e3: TaskFinished(39,6300,Some(AttributeKey[java.io.File]("dependencyCacheDirectory") in Scope(Build: file:/C:/play%20framework/hackfest/play-java-intro/, , Project: ProjectReference(file:/C:/play%20framework/hackfest/play-java-intro/,root))),true,None)
Sending msg to client play-fork-run-96a2a7d4-4fd1-45cf-9a97-cc2fa04d62e3: TaskFinished(39,6312,Some(AttributeKey[scala.collection.Seq[scala.Tuple2[java.lang.String,java.io.File]]]("playAllAssets") in Scope(Build: file:/C:/play%20framework/hackfest/play-java-intro/, , Project: ProjectReference(file:/C:/play%20framework/hackfest/play-java-intro/,root))),true,None)
Sending msg to client play-fork-run-96a2a7d4-4fd1-45cf-9a97-cc2fa04d62e3: TaskFinished(39,6277,Some(AttributeKey[scala.collection.Seq[sbt.UpdateReport]]("transitiveUpdate") in Scope(Build: file:/C:/play%20framework/hackfest/play-java-intro/, , Project: ProjectReference(file:/C:/play%20framework/hackfest/play-java-intro/,root))),true,None)
Sending msg to client play-fork-run-96a2a7d4-4fd1-45cf-9a97-cc2fa04d62e3: TaskFinished(39,6280,None,true,None)
Sending msg to client play-fork-run-96a2a7d4-4fd1-45cf-9a97-cc2fa04d62e3: TaskFinished(39,6292,Some(AttributeKey[sbt.Settings[sbt.Scope]]("settingsData") in Scope(Global)),true,None)
Sending msg to client play-fork-run-96a2a7d4-4fd1-45cf-9a97-cc2fa04d62e3: TaskStarted(39,6290,Some(AttributeKey[scala.collection.immutable.Map[org.apache.ivy.core.module.id.ModuleRevisionId,org.apache.ivy.core.module.descriptor.ModuleDescriptor]]("projectDescriptors") in Scope(Build: file:/C:/play%20framework/hackfest/play-java-intro/, , Project: ProjectReference(file:/C:/play%20framework/hackfest/play-java-intro/,root))))
Sending msg to client play-fork-run-96a2a7d4-4fd1-45cf-9a97-cc2fa04d62e3: TaskStarted(39,6299,Some(AttributeKey[scala.collection.Seq[sbt.ModuleID]]("projectDependencies") in Scope(Build: file:/C:/play%20framework/hackfest/play-java-intro/, , Project: ProjectReference(file:/C:/play%20framework/hackfest/play-java-intro/,root))))
Sending msg to client play-fork-run-96a2a7d4-4fd1-45cf-9a97-cc2fa04d62e3: TaskStarted(39,6306,None)
Sending msg to client play-fork-run-96a2a7d4-4fd1-45cf-9a97-cc2fa04d62e3: TaskStarted(39,6308,Some(AttributeKey[scala.collection.Seq[java.io.File]]("playMonitoredFiles") in Scope(Build: file:/C:/play%20framework/hackfest/play-java-intro/, , Project: ProjectReference(file:/C:/play%20framework/hackfest/play-java-intro/,root))))
Sending msg to client play-fork-run-96a2a7d4-4fd1-45cf-9a97-cc2fa04d62e3: TaskStarted(39,6325,None)
Sending msg to client play-fork-run-96a2a7d4-4fd1-45cf-9a97-cc2fa04d62e3: TaskStarted(39,6328,None)
Sending msg to client play-fork-run-96a2a7d4-4fd1-45cf-9a97-cc2fa04d62e3: TaskFinished(39,6299,Some(AttributeKey[scala.collection.Seq[sbt.ModuleID]]("projectDependencies") in Scope(Build: file:/C:/play%20framework/hackfest/play-java-intro/, , Project: ProjectReference(file:/C:/play%20framework/hackfest/play-java-intro/,root))),true,None)
Sending msg to client play-fork-run-96a2a7d4-4fd1-45cf-9a97-cc2fa04d62e3: TaskStarted(39,6298,Some(AttributeKey[scala.collection.Seq[sbt.ModuleID]]("allDependencies") in Scope(Build: file:/C:/play%20framework/hackfest/play-java-intro/, , Project: ProjectReference(file:/C:/play%20framework/hackfest/play-java-intro/,root))))
Sending msg to client play-fork-run-96a2a7d4-4fd1-45cf-9a97-cc2fa04d62e3: TaskStarted(39,6329,None)
Sending msg to client play-fork-run-96a2a7d4-4fd1-45cf-9a97-cc2fa04d62e3: TaskStarted(39,6330,None)
Sending msg to client play-fork-run-96a2a7d4-4fd1-45cf-9a97-cc2fa04d62e3: TaskStarted(39,6335,None)
Sending msg to client play-fork-run-96a2a7d4-4fd1-45cf-9a97-cc2fa04d62e3: TaskStarted(39,6337,None)
Sending msg to client play-fork-run-96a2a7d4-4fd1-45cf-9a97-cc2fa04d62e3: TaskStarted(39,6338,None)
Sending msg to client play-fork-run-96a2a7d4-4fd1-45cf-9a97-cc2fa04d62e3: TaskStarted(39,6340,None)
Sending msg to client play-fork-run-96a2a7d4-4fd1-45cf-9a97-cc2fa04d62e3: TaskStarted(39,6341,None)
Sending msg to client play-fork-run-96a2a7d4-4fd1-45cf-9a97-cc2fa04d62e3: TaskFinished(39,6328,None,true,None)
Sending msg to client play-fork-run-96a2a7d4-4fd1-45cf-9a97-cc2fa04d62e3: TaskStarted(39,6327,None)
Sending msg to client play-fork-run-96a2a7d4-4fd1-45cf-9a97-cc2fa04d62e3: TaskFinished(39,6298,Some(AttributeKey[scala.collection.Seq[sbt.ModuleID]]("allDependencies") in Scope(Build: file:/C:/play%20framework/hackfest/play-java-intro/, , Project: ProjectReference(file:/C:/play%20framework/hackfest/play-java-intro/,root))),true,None)
Sending msg to client play-fork-run-96a2a7d4-4fd1-45cf-9a97-cc2fa04d62e3: TaskStarted(39,6297,Some(AttributeKey[sbt.ModuleSettings]("moduleSettings") in Scope(Build: file:/C:/play%20framework/hackfest/play-java-intro/, , Project: ProjectReference(file:/C:/play%20framework/hackfest/play-java-intro/,root))))
Sending msg to client play-fork-run-96a2a7d4-4fd1-45cf-9a97-cc2fa04d62e3: TaskFinished(39,6329,None,true,None)
Sending msg to client play-fork-run-96a2a7d4-4fd1-45cf-9a97-cc2fa04d62e3: TaskFinished(39,6306,None,true,None)
Sending msg to client play-fork-run-96a2a7d4-4fd1-45cf-9a97-cc2fa04d62e3: TaskFinished(39,6330,None,true,None)
Sending msg to client play-fork-run-96a2a7d4-4fd1-45cf-9a97-cc2fa04d62e3: TaskFinished(39,6308,Some(AttributeKey[scala.collection.Seq[java.io.File]]("playMonitoredFiles") in Scope(Build: file:/C:/play%20framework/hackfest/play-java-intro/, , Project: ProjectReference(file:/C:/play%20framework/hackfest/play-java-intro/,root))),true,None)
Sending msg to client play-fork-run-96a2a7d4-4fd1-45cf-9a97-cc2fa04d62e3: TaskFinished(39,6335,None,true,None)
Sending msg to client play-fork-run-96a2a7d4-4fd1-45cf-9a97-cc2fa04d62e3: TaskStarted(39,6334,None)
Sending msg to client play-fork-run-96a2a7d4-4fd1-45cf-9a97-cc2fa04d62e3: TaskFinished(39,6337,None,true,None)
Sending msg to client play-fork-run-96a2a7d4-4fd1-45cf-9a97-cc2fa04d62e3: TaskFinished(39,6338,None,true,None)
Sending msg to client play-fork-run-96a2a7d4-4fd1-45cf-9a97-cc2fa04d62e3: TaskStarted(39,6336,Some(AttributeKey[scala.collection.Seq[sbt.Attributed[java.io.File]]]("unmanagedJars") in Scope(Build: file:/C:/play%20framework/hackfest/play-java-intro/, , Project: ProjectReference(file:/C:/play%20framework/hackfest/play-java-intro/,root), Config: compile)))
Sending msg to client play-fork-run-96a2a7d4-4fd1-45cf-9a97-cc2fa04d62e3: TaskFinished(39,6340,None,true,None)
Sending msg to client play-fork-run-96a2a7d4-4fd1-45cf-9a97-cc2fa04d62e3: TaskFinished(39,6341,None,true,None)
Sending msg to client play-fork-run-96a2a7d4-4fd1-45cf-9a97-cc2fa04d62e3: TaskStarted(39,6339,Some(AttributeKey[scala.collection.Seq[sbt.Attributed[java.io.File]]]("unmanagedJars") in Scope(Build: file:/C:/play%20framework/hackfest/play-java-intro/, , Project: ProjectReference(file:/C:/play%20framework/hackfest/play-java-intro/,root), Config: runtime)))
Sending msg to client play-fork-run-96a2a7d4-4fd1-45cf-9a97-cc2fa04d62e3: TaskFinished(39,6327,None,true,None)
Sending msg to client play-fork-run-96a2a7d4-4fd1-45cf-9a97-cc2fa04d62e3: TaskFinished(39,6290,Some(AttributeKey[scala.collection.immutable.Map[org.apache.ivy.core.module.id.ModuleRevisionId,org.apache.ivy.core.module.descriptor.ModuleDescriptor]]("projectDescriptors") in Scope(Build: file:/C:/play%20framework/hackfest/play-java-intro/, , Project: ProjectReference(file:/C:/play%20framework/hackfest/play-java-intro/,root))),true,None)
Sending msg to client play-fork-run-96a2a7d4-4fd1-45cf-9a97-cc2fa04d62e3: TaskStarted(39,6289,Some(AttributeKey[sbt.Resolver]("projectResolver") in Scope(Build: file:/C:/play%20framework/hackfest/play-java-intro/, , Project: ProjectReference(file:/C:/play%20framework/hackfest/play-java-intro/,root))))
Sending msg to client play-fork-run-96a2a7d4-4fd1-45cf-9a97-cc2fa04d62e3: TaskFinished(39,6297,Some(AttributeKey[sbt.ModuleSettings]("moduleSettings") in Scope(Build: file:/C:/play%20framework/hackfest/play-java-intro/, , Project: ProjectReference(file:/C:/play%20framework/hackfest/play-java-intro/,root))),true,None)
Sending msg to client play-fork-run-96a2a7d4-4fd1-45cf-9a97-cc2fa04d62e3: TaskStarted(39,6342,None)
Sending msg to client play-fork-run-96a2a7d4-4fd1-45cf-9a97-cc2fa04d62e3: TaskFinished(39,6336,Some(AttributeKey[scala.collection.Seq[sbt.Attributed[java.io.File]]]("unmanagedJars") in Scope(Build: file:/C:/play%20framework/hackfest/play-java-intro/, , Project: ProjectReference(file:/C:/play%20framework/hackfest/play-java-intro/,root), Config: compile)),true,None)
Sending msg to client play-fork-run-96a2a7d4-4fd1-45cf-9a97-cc2fa04d62e3: TaskFinished(39,6339,Some(AttributeKey[scala.collection.Seq[sbt.Attributed[java.io.File]]]("unmanagedJars") in Scope(Build: file:/C:/play%20framework/hackfest/play-java-intro/, , Project: ProjectReference(file:/C:/play%20framework/hackfest/play-java-intro/,root), Config: runtime)),true,None)
Sending msg to client play-fork-run-96a2a7d4-4fd1-45cf-9a97-cc2fa04d62e3: TaskFinished(39,6289,Some(AttributeKey[sbt.Resolver]("projectResolver") in Scope(Build: file:/C:/play%20framework/hackfest/play-java-intro/, , Project: ProjectReference(file:/C:/play%20framework/hackfest/play-java-intro/,root))),true,None)
Sending msg to client play-fork-run-96a2a7d4-4fd1-45cf-9a97-cc2fa04d62e3: TaskStarted(39,6286,Some(AttributeKey[scala.collection.Seq[sbt.Resolver]]("fullResolvers") in Scope(Build: file:/C:/play%20framework/hackfest/play-java-intro/, , Project: ProjectReference(file:/C:/play%20framework/hackfest/play-java-intro/,root))))
Sending msg to client play-fork-run-96a2a7d4-4fd1-45cf-9a97-cc2fa04d62e3: TaskFinished(39,6342,None,true,None)
Sending msg to client play-fork-run-96a2a7d4-4fd1-45cf-9a97-cc2fa04d62e3: TaskFinished(39,6334,None,true,None)
Sending msg to client play-fork-run-96a2a7d4-4fd1-45cf-9a97-cc2fa04d62e3: TaskStarted(39,6333,Some(AttributeKey[scala.collection.Seq[sbt.Attributed[java.io.File]]]("unmanagedJars") in Scope(Build: file:/C:/play%20framework/hackfest/play-java-intro/, , Project: ProjectReference(file:/C:/play%20framework/hackfest/play-java-intro/,root), Config: compile)))
Sending msg to client play-fork-run-96a2a7d4-4fd1-45cf-9a97-cc2fa04d62e3: TaskFinished(39,6286,Some(AttributeKey[scala.collection.Seq[sbt.Resolver]]("fullResolvers") in Scope(Build: file:/C:/play%20framework/hackfest/play-java-intro/, , Project: ProjectReference(file:/C:/play%20framework/hackfest/play-java-intro/,root))),true,None)
Sending msg to client play-fork-run-96a2a7d4-4fd1-45cf-9a97-cc2fa04d62e3: TaskStarted(39,6285,Some(AttributeKey[sbt.IvyConfiguration]("ivyConfiguration") in Scope(Build: file:/C:/play%20framework/hackfest/play-java-intro/, , Project: ProjectReference(file:/C:/play%20framework/hackfest/play-java-intro/,root))))
Sending msg to client play-fork-run-96a2a7d4-4fd1-45cf-9a97-cc2fa04d62e3: TaskFinished(39,6333,Some(AttributeKey[scala.collection.Seq[sbt.Attributed[java.io.File]]]("unmanagedJars") in Scope(Build: file:/C:/play%20framework/hackfest/play-java-intro/, , Project: ProjectReference(file:/C:/play%20framework/hackfest/play-java-intro/,root), Config: compile)),true,None)
Sending msg to client play-fork-run-96a2a7d4-4fd1-45cf-9a97-cc2fa04d62e3: TaskStarted(39,6332,None)
Sending msg to client play-fork-run-96a2a7d4-4fd1-45cf-9a97-cc2fa04d62e3: TaskFinished(39,6285,Some(AttributeKey[sbt.IvyConfiguration]("ivyConfiguration") in Scope(Build: file:/C:/play%20framework/hackfest/play-java-intro/, , Project: ProjectReference(file:/C:/play%20framework/hackfest/play-java-intro/,root))),true,None)
Sending msg to client play-fork-run-96a2a7d4-4fd1-45cf-9a97-cc2fa04d62e3: TaskStarted(39,6283,Some(AttributeKey[sbt.IvySbt]("ivySbt") in Scope(Build: file:/C:/play%20framework/hackfest/play-java-intro/, , Project: ProjectReference(file:/C:/play%20framework/hackfest/play-java-intro/,root))))
Sending msg to client play-fork-run-96a2a7d4-4fd1-45cf-9a97-cc2fa04d62e3: TaskFinished(39,6332,None,true,None)
Sending msg to client play-fork-run-96a2a7d4-4fd1-45cf-9a97-cc2fa04d62e3: TaskStarted(39,6331,None)
Sending msg to client play-fork-run-96a2a7d4-4fd1-45cf-9a97-cc2fa04d62e3: TaskFinished(39,6283,Some(AttributeKey[sbt.IvySbt]("ivySbt") in Scope(Build: file:/C:/play%20framework/hackfest/play-java-intro/, , Project: ProjectReference(file:/C:/play%20framework/hackfest/play-java-intro/,root))),true,None)
Sending msg to client play-fork-run-96a2a7d4-4fd1-45cf-9a97-cc2fa04d62e3: TaskStarted(39,6282,Some(AttributeKey[sbt.IvySbt$Module]("ivyModule") in Scope(Build: file:/C:/play%20framework/hackfest/play-java-intro/, , Project: ProjectReference(file:/C:/play%20framework/hackfest/play-java-intro/,root))))
Sending msg to client play-fork-run-96a2a7d4-4fd1-45cf-9a97-cc2fa04d62e3: TaskFinished(39,6331,None,true,None)
Sending msg to client play-fork-run-96a2a7d4-4fd1-45cf-9a97-cc2fa04d62e3: TaskFinished(39,6325,None,true,None)
Sending msg to client play-fork-run-96a2a7d4-4fd1-45cf-9a97-cc2fa04d62e3: TaskStarted(39,6323,Some(AttributeKey[scala.collection.Seq[sbt.Attributed[java.io.File]]]("unmanagedClasspath") in Scope(Build: file:/C:/play%20framework/hackfest/play-java-intro/, , Project: ProjectReference(file:/C:/play%20framework/hackfest/play-java-intro/,root), Config: runtime)))
Sending msg to client play-fork-run-96a2a7d4-4fd1-45cf-9a97-cc2fa04d62e3: TaskFinished(39,6282,Some(AttributeKey[sbt.IvySbt$Module]("ivyModule") in Scope(Build: file:/C:/play%20framework/hackfest/play-java-intro/, , Project: ProjectReference(file:/C:/play%20framework/hackfest/play-java-intro/,root))),true,None)
Sending msg to client play-fork-run-96a2a7d4-4fd1-45cf-9a97-cc2fa04d62e3: TaskFinished(39,6323,Some(AttributeKey[scala.collection.Seq[sbt.Attributed[java.io.File]]]("unmanagedClasspath") in Scope(Build: file:/C:/play%20framework/hackfest/play-java-intro/, , Project: ProjectReference(file:/C:/play%20framework/hackfest/play-java-intro/,root), Config: runtime)),true,None)
Sending msg to client play-fork-run-96a2a7d4-4fd1-45cf-9a97-cc2fa04d62e3: TaskFinished(39,6303,Some(AttributeKey[scala.collection.immutable.Map[sbt.ModuleID,sbt.SourcePosition]]("dependencyPositions") in Scope(Build: file:/C:/play%20framework/hackfest/play-java-intro/, , Project: ProjectReference(file:/C:/play%20framework/hackfest/play-java-intro/,root))),true,None)
Sending msg to client play-fork-run-96a2a7d4-4fd1-45cf-9a97-cc2fa04d62e3: TaskStarted(39,6302,Some(AttributeKey[sbt.UnresolvedWarningConfiguration]("unresolvedWarningConfiguration") in Scope(Build: file:/C:/play%20framework/hackfest/play-java-intro/, , Project: ProjectReference(file:/C:/play%20framework/hackfest/play-java-intro/,root), Task: AttributeKey[sbt.UpdateReport]("update"))))
Sending msg to client play-fork-run-96a2a7d4-4fd1-45cf-9a97-cc2fa04d62e3: TaskFinished(39,6302,Some(AttributeKey[sbt.UnresolvedWarningConfiguration]("unresolvedWarningConfiguration") in Scope(Build: file:/C:/play%20framework/hackfest/play-java-intro/, , Project: ProjectReference(file:/C:/play%20framework/hackfest/play-java-intro/,root), Task: AttributeKey[sbt.UpdateReport]("update"))),true,None)
Sending msg to client play-fork-run-96a2a7d4-4fd1-45cf-9a97-cc2fa04d62e3: TaskStarted(39,6275,Some(AttributeKey[sbt.UpdateReport]("update") in Scope(Build: file:/C:/play%20framework/hackfest/play-java-intro/, , Project: ProjectReference(file:/C:/play%20framework/hackfest/play-java-intro/,root))))
Sending msg to client play-fork-run-96a2a7d4-4fd1-45cf-9a97-cc2fa04d62e3: TaskFinished(39,6275,Some(AttributeKey[sbt.UpdateReport]("update") in Scope(Build: file:/C:/play%20framework/hackfest/play-java-intro/, , Project: ProjectReference(file:/C:/play%20framework/hackfest/play-java-intro/,root))),true,None)
Sending msg to client play-fork-run-96a2a7d4-4fd1-45cf-9a97-cc2fa04d62e3: TaskStarted(39,6274,Some(AttributeKey[sbt.UpdateReport]("update") in Scope(Build: file:/C:/play%20framework/hackfest/play-java-intro/, , Project: ProjectReference(file:/C:/play%20framework/hackfest/play-java-intro/,root))))
Sending msg to client play-fork-run-96a2a7d4-4fd1-45cf-9a97-cc2fa04d62e3: TaskFinished(39,6274,Some(AttributeKey[sbt.UpdateReport]("update") in Scope(Build: file:/C:/play%20framework/hackfest/play-java-intro/, , Project: ProjectReference(file:/C:/play%20framework/hackfest/play-java-intro/,root))),true,None)
Sending msg to client play-fork-run-96a2a7d4-4fd1-45cf-9a97-cc2fa04d62e3: TaskStarted(39,6273,Some(AttributeKey[scala.collection.Seq[sbt.Attributed[java.io.File]]]("managedClasspath") in Scope(Build: file:/C:/play%20framework/hackfest/play-java-intro/, , Project: ProjectReference(file:/C:/play%20framework/hackfest/play-java-intro/,root), Config: docs)))
Sending msg to client play-fork-run-96a2a7d4-4fd1-45cf-9a97-cc2fa04d62e3: TaskStarted(39,6321,Some(AttributeKey[sbt.Configuration]("classpathConfiguration") in Scope(Build: file:/C:/play%20framework/hackfest/play-java-intro/, , Project: ProjectReference(file:/C:/play%20framework/hackfest/play-java-intro/,root), Config: compile)))
Sending msg to client play-fork-run-96a2a7d4-4fd1-45cf-9a97-cc2fa04d62e3: TaskFinished(39,6273,Some(AttributeKey[scala.collection.Seq[sbt.Attributed[java.io.File]]]("managedClasspath") in Scope(Build: file:/C:/play%20framework/hackfest/play-java-intro/, , Project: ProjectReference(file:/C:/play%20framework/hackfest/play-java-intro/,root), Config: docs)),true,None)
Sending msg to client play-fork-run-96a2a7d4-4fd1-45cf-9a97-cc2fa04d62e3: TaskStarted(39,6272,Some(AttributeKey[scala.Option[java.io.File]]("playDocsJar") in Scope(Build: file:/C:/play%20framework/hackfest/play-java-intro/, , Project: ProjectReference(file:/C:/play%20framework/hackfest/play-java-intro/,root))))
Sending msg to client play-fork-run-96a2a7d4-4fd1-45cf-9a97-cc2fa04d62e3: TaskFinished(39,6321,Some(AttributeKey[sbt.Configuration]("classpathConfiguration") in Scope(Build: file:/C:/play%20framework/hackfest/play-java-intro/, , Project: ProjectReference(file:/C:/play%20framework/hackfest/play-java-intro/,root), Config: compile)),true,None)
Sending msg to client play-fork-run-96a2a7d4-4fd1-45cf-9a97-cc2fa04d62e3: TaskStarted(39,6320,None)
Sending msg to client play-fork-run-96a2a7d4-4fd1-45cf-9a97-cc2fa04d62e3: TaskFinished(39,6272,Some(AttributeKey[scala.Option[java.io.File]]("playDocsJar") in Scope(Build: file:/C:/play%20framework/hackfest/play-java-intro/, , Project: ProjectReference(file:/C:/play%20framework/hackfest/play-java-intro/,root))),true,None)
Sending msg to client play-fork-run-96a2a7d4-4fd1-45cf-9a97-cc2fa04d62e3: TaskFinished(39,6320,None,true,None)
Sending msg to client play-fork-run-96a2a7d4-4fd1-45cf-9a97-cc2fa04d62e3: TaskStarted(39,6319,Some(AttributeKey[sbt.Configuration]("classpathConfiguration") in Scope(Build: file:/C:/play%20framework/hackfest/play-java-intro/, , Project: ProjectReference(file:/C:/play%20framework/hackfest/play-java-intro/,root), Config: runtime)))
Sending msg to client play-fork-run-96a2a7d4-4fd1-45cf-9a97-cc2fa04d62e3: TaskFinished(39,6319,Some(AttributeKey[sbt.Configuration]("classpathConfiguration") in Scope(Build: file:/C:/play%20framework/hackfest/play-java-intro/, , Project: ProjectReference(file:/C:/play%20framework/hackfest/play-java-intro/,root), Config: runtime)),true,None)
Sending msg to client play-fork-run-96a2a7d4-4fd1-45cf-9a97-cc2fa04d62e3: TaskStarted(39,6318,None)
Sending msg to client play-fork-run-96a2a7d4-4fd1-45cf-9a97-cc2fa04d62e3: TaskFinished(39,6318,None,true,None)
Sending msg to client play-fork-run-96a2a7d4-4fd1-45cf-9a97-cc2fa04d62e3: TaskStarted(39,6316,Some(AttributeKey[scala.collection.Seq[sbt.Attributed[java.io.File]]]("managedClasspath") in Scope(Build: file:/C:/play%20framework/hackfest/play-java-intro/, , Project: ProjectReference(file:/C:/play%20framework/hackfest/play-java-intro/,root), Config: runtime)))
Sending msg to client play-fork-run-96a2a7d4-4fd1-45cf-9a97-cc2fa04d62e3: TaskFinished(39,6316,Some(AttributeKey[scala.collection.Seq[sbt.Attributed[java.io.File]]]("managedClasspath") in Scope(Build: file:/C:/play%20framework/hackfest/play-java-intro/, , Project: ProjectReference(file:/C:/play%20framework/hackfest/play-java-intro/,root), Config: runtime)),true,None)
Sending msg to client play-fork-run-96a2a7d4-4fd1-45cf-9a97-cc2fa04d62e3: TaskStarted(39,6315,None)
Sending msg to client play-fork-run-96a2a7d4-4fd1-45cf-9a97-cc2fa04d62e3: TaskFinished(39,6315,None,true,None)
Sending msg to client play-fork-run-96a2a7d4-4fd1-45cf-9a97-cc2fa04d62e3: TaskStarted(39,6314,Some(AttributeKey[scala.collection.Seq[sbt.Attributed[java.io.File]]]("playDependencyClasspath") in Scope(Build: file:/C:/play%20framework/hackfest/play-java-intro/, , Project: ProjectReference(file:/C:/play%20framework/hackfest/play-java-intro/,root))))
Sending msg to client play-fork-run-96a2a7d4-4fd1-45cf-9a97-cc2fa04d62e3: TaskFinished(39,6314,Some(AttributeKey[scala.collection.Seq[sbt.Attributed[java.io.File]]]("playDependencyClasspath") in Scope(Build: file:/C:/play%20framework/hackfest/play-java-intro/, , Project: ProjectReference(file:/C:/play%20framework/hackfest/play-java-intro/,root))),true,None)
Sending msg to client play-fork-run-96a2a7d4-4fd1-45cf-9a97-cc2fa04d62e3: TaskStarted(39,6271,Some(AttributeKey[play.forkrun.protocol.ForkConfig]("playForkConfig") in Scope(Build: file:/C:/play%20framework/hackfest/play-java-intro/, , Project: ProjectReference(file:/C:/play%20framework/hackfest/play-java-intro/,root))))
Sending msg to client play-fork-run-96a2a7d4-4fd1-45cf-9a97-cc2fa04d62e3: TaskFinished(39,6271,Some(AttributeKey[play.forkrun.protocol.ForkConfig]("playForkConfig") in Scope(Build: file:/C:/play%20framework/hackfest/play-java-intro/, , Project: ProjectReference(file:/C:/play%20framework/hackfest/play-java-intro/,root))),true,None)
Sending msg to client play-fork-run-96a2a7d4-4fd1-45cf-9a97-cc2fa04d62e3: ValueChanged(AttributeKey[play.forkrun.protocol.ForkConfig]("playForkConfig") in Scope(Build: file:/C:/play%20framework/hackfest/play-java-intro/, , Project: ProjectReference(file:/C:/play%20framework/hackfest/play-java-intro/,root)),TaskSuccess(BuildValue(LazyValue(ForkConfig(C:\play framework\hackfest\play-java-intro,List(),List(C:\Users\Chunf\.ivy2\cache\com.typesafe.play\twirl-api_2.10\jars\twirl-api_2.10-1.1.1.jar, C:\Users\Chunf\.ivy2\cache\org.scala-lang\scala-library\jars\scala-library-2.10.5.jar, C:\Users\Chunf\.ivy2\cache\org.apache.commons\commons-lang3\jars\commons-lang3-3.4.jar, C:\Users\Chunf\.ivy2\cache\com.typesafe.play\play-enhancer\jars\play-enhancer-1.1.0.jar, C:\Users\Chunf\.ivy2\cache\com.typesafe.play\play-server_2.10\jars\play-server_2.10-2.4.1.jar, C:\Users\Chunf\.ivy2\cache\com.typesafe.play\play_2.10\jars\play_2.10-2.4.1.jar, C:\Users\Chunf\.ivy2\cache\com.typesafe.play\build-link\jars\build-link-2.4.1.jar, C:\Users\Chunf\.ivy2\cache\com.typesafe.play\play-exceptions\jars\play-exceptions-2.4.1.jar, C:\Users\Chunf\.ivy2\cache\org.javassist\javassist\bundles\javassist-3.19.0-GA.jar, C:\Users\Chunf\.ivy2\cache\com.typesafe.play\play-iteratees_2.10\jars\play-iteratees_2.10-2.4.1.jar, C:\Users\Chunf\.ivy2\cache\org.scala-stm\scala-stm_2.10\jars\scala-stm_2.10-0.7.jar, C:\Users\Chunf\.ivy2\cache\com.typesafe\config\bundles\config-1.3.0.jar, C:\Users\Chunf\.ivy2\cache\com.typesafe.play\play-json_2.10\jars\play-json_2.10-2.4.1.jar, C:\Users\Chunf\.ivy2\cache\com.typesafe.play\play-functional_2.10\jars\play-functional_2.10-2.4.1.jar, C:\Users\Chunf\.ivy2\cache\com.typesafe.play\play-datacommons_2.10\jars\play-datacommons_2.10-2.4.1.jar, C:\Users\Chunf\.ivy2\cache\joda-time\joda-time\jars\joda-time-2.7.jar, C:\Users\Chunf\.ivy2\cache\org.joda\joda-convert\jars\joda-convert-1.7.jar, C:\Users\Chunf\.ivy2\cache\org.scala-lang\scala-reflect\jars\scala-reflect-2.10.5.jar, C:\Users\Chunf\.ivy2\cache\com.fasterxml.jackson.core\jackson-core\bundles\jackson-core-2.5.4.jar, C:\Users\Chunf\.ivy2\cache\com.fasterxml.jackson.core\jackson-annotations\bundles\jackson-annotations-2.5.4.jar, C:\Users\Chunf\.ivy2\cache\com.fasterxml.jackson.core\jackson-databind\bundles\jackson-databind-2.5.4.jar, C:\Users\Chunf\.ivy2\cache\com.fasterxml.jackson.datatype\jackson-datatype-jdk8\bundles\jackson-datatype-jdk8-2.5.4.jar, C:\Users\Chunf\.ivy2\cache\com.fasterxml.jackson.datatype\jackson-datatype-jsr310\bundles\jackson-datatype-jsr310-2.5.4.jar, C:\Users\Chunf\.ivy2\cache\com.typesafe.play\play-netty-utils\jars\play-netty-utils-2.4.1.jar, C:\Users\Chunf\.ivy2\cache\org.slf4j\slf4j-api\jars\slf4j-api-1.7.12.jar, C:\Users\Chunf\.ivy2\cache\org.slf4j\jul-to-slf4j\jars\jul-to-slf4j-1.7.12.jar, C:\Users\Chunf\.ivy2\cache\org.slf4j\jcl-over-slf4j\jars\jcl-over-slf4j-1.7.12.jar, C:\Users\Chunf\.ivy2\cache\ch.qos.logback\logback-core\jars\logback-core-1.1.3.jar, C:\Users\Chunf\.ivy2\cache\ch.qos.logback\logback-classic\jars\logback-classic-1.1.3.jar, C:\Users\Chunf\.ivy2\cache\com.typesafe.akka\akka-actor_2.10\jars\akka-actor_2.10-2.3.11.jar, C:\Users\Chunf\.ivy2\cache\com.typesafe.akka\akka-slf4j_2.10\jars\akka-slf4j_2.10-2.3.11.jar, C:\Users\Chunf\.ivy2\cache\commons-codec\commons-codec\jars\commons-codec-1.10.jar, C:\Users\Chunf\.ivy2\cache\xerces\xercesImpl\jars\xercesImpl-2.11.0.jar, C:\Users\Chunf\.ivy2\cache\xml-apis\xml-apis\jars\xml-apis-1.4.01.jar, C:\Users\Chunf\.ivy2\cache\javax.transaction\jta\jars\jta-1.1.jar, C:\Users\Chunf\.ivy2\cache\com.google.inject\guice\jars\guice-4.0.jar, C:\Users\Chunf\.ivy2\cache\javax.inject\javax.inject\jars\javax.inject-1.jar, C:\Users\Chunf\.ivy2\cache\aopalliance\aopalliance\jars\aopalliance-1.0.jar, C:\Users\Chunf\.ivy2\cache\com.google.inject.extensions\guice-assistedinject\jars\guice-assistedinject-4.0.jar, C:\Users\Chunf\.ivy2\cache\com.typesafe.play\play-java_2.10\jars\play-java_2.10-2.4.1.jar, C:\Users\Chunf\.ivy2\cache\org.scala-lang.modules\scala-java8-compat_2.10\bundles\scala-java8-compat_2.10-0.3.0.jar, C:\Users\Chunf\.ivy2\cache\org.yaml\snakeyaml\bundles\snakeyaml-1.15.jar, C:\Users\Chunf\.ivy2\cache\org.hibernate\hibernate-validator\jars\hibernate-validator-5.0.3.Final.jar, C:\Users\Chunf\.ivy2\cache\javax.validation\validation-api\jars\validation-api-1.1.0.Final.jar, C:\Users\Chunf\.ivy2\cache\com.fasterxml\classmate\bundles\classmate-1.0.0.jar, C:\Users\Chunf\.ivy2\cache\org.jboss.logging\jboss-logging\jars\jboss-logging-3.2.1.Final.jar, C:\Users\Chunf\.ivy2\cache\org.springframework\spring-context\jars\spring-context-4.1.6.RELEASE.jar, C:\Users\Chunf\.ivy2\cache\org.springframework\spring-core\jars\spring-core-4.1.6.RELEASE.jar, C:\Users\Chunf\.ivy2\cache\org.springframework\spring-beans\jars\spring-beans-4.1.6.RELEASE.jar, C:\Users\Chunf\.ivy2\cache\org.reflections\reflections\jars\reflections-0.9.9.jar, C:\Users\Chunf\.ivy2\cache\com.google.guava\guava\bundles\guava-18.0.jar, C:\Users\Chunf\.ivy2\cache\com.google.code.findbugs\annotations\jars\annotations-2.0.1.jar, C:\Users\Chunf\.ivy2\cache\net.jodah\typetools\bundles\typetools-0.4.1.jar, C:\Users\Chunf\.ivy2\cache\com.google.code.findbugs\jsr305\jars\jsr305-2.0.3.jar, C:\Users\Chunf\.ivy2\cache\org.apache.tomcat\tomcat-servlet-api\jars\tomcat-servlet-api-8.0.21.jar, C:\Users\Chunf\.ivy2\cache\com.typesafe.play\play-netty-server_2.10\jars\play-netty-server_2.10-2.4.1.jar, C:\Users\Chunf\.ivy2\cache\io.netty\netty\bundles\netty-3.10.3.Final.jar, C:\Users\Chunf\.ivy2\cache\com.typesafe.netty\netty-http-pipelining\jars\netty-http-pipelining-1.1.4.jar, C:\Users\Chunf\.ivy2\cache\com.typesafe.play\play-java-jpa_2.10\jars\play-java-jpa_2.10-2.4.1.jar, C:\Users\Chunf\.ivy2\cache\com.typesafe.play\play-java-jdbc_2.10\jars\play-java-jdbc_2.10-2.4.1.jar, C:\Users\Chunf\.ivy2\cache\com.typesafe.play\play-jdbc_2.10\jars\play-jdbc_2.10-2.4.1.jar, C:\Users\Chunf\.ivy2\cache\com.typesafe.play\play-jdbc-api_2.10\jars\play-jdbc-api_2.10-2.4.1.jar, C:\Users\Chunf\.ivy2\cache\com.jolbox\bonecp\bundles\bonecp-0.8.0.RELEASE.jar, C:\Users\Chunf\.ivy2\cache\com.zaxxer\HikariCP\bundles\HikariCP-2.3.7.jar, C:\Users\Chunf\.ivy2\cache\com.h2database\h2\jars\h2-1.4.187.jar, C:\Users\Chunf\.ivy2\cache\tyrex\tyrex\jars\tyrex-1.0.1.jar, C:\Users\Chunf\.ivy2\cache\org.hibernate.javax.persistence\hibernate-jpa-2.1-api\jars\hibernate-jpa-2.1-api-1.0.0.Final.jar, C:\Users\Chunf\.ivy2\cache\org.hibernate\hibernate-entitymanager\jars\hibernate-entitymanager-4.3.7.Final.jar, C:\Users\Chunf\.ivy2\cache\org.jboss.logging\jboss-logging-annotations\jars\jboss-logging-annotations-1.2.0.Beta1.jar, C:\Users\Chunf\.ivy2\cache\org.hibernate\hibernate-core\jars\hibernate-core-4.3.7.Final.jar, C:\Users\Chunf\.ivy2\cache\org.jboss.spec.javax.transaction\jboss-transaction-api_1.2_spec\jars\jboss-transaction-api_1.2_spec-1.0.0.Final.jar, C:\Users\Chunf\.ivy2\cache\dom4j\dom4j\jars\dom4j-1.6.1.jar, C:\Users\Chunf\.ivy2\cache\org.hibernate.common\hibernate-commons-annotations\jars\hibernate-commons-annotations-4.0.5.Final.jar, C:\Users\Chunf\.ivy2\cache\antlr\antlr\jars\antlr-2.7.7.jar, C:\Users\Chunf\.ivy2\cache\org.jboss\jandex\jars\jandex-1.1.0.Final.jar),List((public/,C:\play framework\hackfest\play-java-intro\target\web\public\main)),List(C:\Users\Chunf\.ivy2\cache\com.typesafe.play\play-omnidoc_2.10\jars\play-omnidoc_2.10-2.4.1.jar, C:\Users\Chunf\.ivy2\cache\org.scala-lang\scala-library\jars\scala-library-2.10.5.jar, C:\Users\Chunf\.ivy2\cache\com.typesafe.play\play-docs_2.10\jars\play-docs_2.10-2.4.1.jar, C:\Users\Chunf\.ivy2\cache\com.typesafe.play\play-netty-server_2.10\jars\play-netty-server_2.10-2.4.1.jar, C:\Users\Chunf\.ivy2\cache\com.typesafe.play\play-server_2.10\jars\play-server_2.10-2.4.1.jar, C:\Users\Chunf\.ivy2\cache\com.typesafe.play\play_2.10\jars\play_2.10-2.4.1.jar, C:\Users\Chunf\.ivy2\cache\com.typesafe.play\build-link\jars\build-link-2.4.1.jar, C:\Users\Chunf\.ivy2\cache\com.typesafe.play\play-exceptions\jars\play-exceptions-2.4.1.jar, C:\Users\Chunf\.ivy2\cache\org.javassist\javassist\bundles\javassist-3.19.0-GA.jar, C:\Users\Chunf\.ivy2\cache\com.typesafe.play\play-iteratees_2.10\jars\play-iteratees_2.10-2.4.1.jar, C:\Users\Chunf\.ivy2\cache\org.scala-stm\scala-stm_2.10\jars\scala-stm_2.10-0.7.jar, C:\Users\Chunf\.ivy2\cache\com.typesafe\config\bundles\config-1.3.0.jar, C:\Users\Chunf\.ivy2\cache\com.typesafe.play\play-json_2.10\jars\play-json_2.10-2.4.1.jar, C:\Users\Chunf\.ivy2\cache\com.typesafe.play\play-functional_2.10\jars\play-functional_2.10-2.4.1.jar, C:\Users\Chunf\.ivy2\cache\com.typesafe.play\play-datacommons_2.10\jars\play-datacommons_2.10-2.4.1.jar, C:\Users\Chunf\.ivy2\cache\joda-time\joda-time\jars\joda-time-2.7.jar, C:\Users\Chunf\.ivy2\cache\org.joda\joda-convert\jars\joda-convert-1.7.jar, C:\Users\Chunf\.ivy2\cache\org.scala-lang\scala-reflect\jars\scala-reflect-2.10.5.jar, C:\Users\Chunf\.ivy2\cache\com.fasterxml.jackson.core\jackson-core\bundles\jackson-core-2.5.4.jar, C:\Users\Chunf\.ivy2\cache\com.fasterxml.jackson.core\jackson-annotations\bundles\jackson-annotations-2.5.4.jar, C:\Users\Chunf\.ivy2\cache\com.fasterxml.jackson.core\jackson-databind\bundles\jackson-databind-2.5.4.jar, C:\Users\Chunf\.ivy2\cache\com.fasterxml.jackson.datatype\jackson-datatype-jdk8\bundles\jackson-datatype-jdk8-2.5.4.jar, C:\Users\Chunf\.ivy2\cache\com.fasterxml.jackson.datatype\jackson-datatype-jsr310\bundles\jackson-datatype-jsr310-2.5.4.jar, C:\Users\Chunf\.ivy2\cache\com.typesafe.play\play-netty-utils\jars\play-netty-utils-2.4.1.jar, C:\Users\Chunf\.ivy2\cache\org.slf4j\slf4j-api\jars\slf4j-api-1.7.12.jar, C:\Users\Chunf\.ivy2\cache\org.slf4j\jul-to-slf4j\jars\jul-to-slf4j-1.7.12.jar, C:\Users\Chunf\.ivy2\cache\org.slf4j\jcl-over-slf4j\jars\jcl-over-slf4j-1.7.12.jar, C:\Users\Chunf\.ivy2\cache\com.typesafe.play\twirl-api_2.10\jars\twirl-api_2.10-1.1.1.jar, C:\Users\Chunf\.ivy2\cache\org.apache.commons\commons-lang3\jars\commons-lang3-3.4.jar, C:\Users\Chunf\.ivy2\cache\ch.qos.logback\logback-core\jars\logback-core-1.1.3.jar, C:\Users\Chunf\.ivy2\cache\ch.qos.logback\logback-classic\jars\logback-classic-1.1.3.jar, C:\Users\Chunf\.ivy2\cache\com.typesafe.akka\akka-actor_2.10\jars\akka-actor_2.10-2.3.11.jar, C:\Users\Chunf\.ivy2\cache\com.typesafe.akka\akka-slf4j_2.10\jars\akka-slf4j_2.10-2.3.11.jar, C:\Users\Chunf\.ivy2\cache\commons-codec\commons-codec\jars\commons-codec-1.10.jar, C:\Users\Chunf\.ivy2\cache\xerces\xercesImpl\jars\xercesImpl-2.11.0.jar, C:\Users\Chunf\.ivy2\cache\xml-apis\xml-apis\jars\xml-apis-1.4.01.jar, C:\Users\Chunf\.ivy2\cache\javax.transaction\jta\jars\jta-1.1.jar, C:\Users\Chunf\.ivy2\cache\com.google.inject\guice\jars\guice-4.0.jar, C:\Users\Chunf\.ivy2\cache\javax.inject\javax.inject\jars\javax.inject-1.jar, C:\Users\Chunf\.ivy2\cache\aopalliance\aopalliance\jars\aopalliance-1.0.jar, C:\Users\Chunf\.ivy2\cache\com.google.guava\guava\bundles\guava-16.0.1.jar, C:\Users\Chunf\.ivy2\cache\com.google.inject.extensions\guice-assistedinject\jars\guice-assistedinject-4.0.jar, C:\Users\Chunf\.ivy2\cache\io.netty\netty\bundles\netty-3.10.3.Final.jar, C:\Users\Chunf\.ivy2\cache\com.typesafe.netty\netty-http-pipelining\jars\netty-http-pipelining-1.1.4.jar, C:\Users\Chunf\.ivy2\cache\com.typesafe.play\play-doc_2.10\jars\play-doc_2.10-1.2.2.jar, C:\Users\Chunf\.ivy2\cache\org.pegdown\pegdown\jars\pegdown-1.4.0.jar, C:\Users\Chunf\.ivy2\cache\org.parboiled\parboiled-java\bundles\parboiled-java-1.1.5.jar, C:\Users\Chunf\.ivy2\cache\org.parboiled\parboiled-core\bundles\parboiled-core-1.1.5.jar, C:\Users\Chunf\.ivy2\cache\org.ow2.asm\asm\jars\asm-4.1.jar, C:\Users\Chunf\.ivy2\cache\org.ow2.asm\asm-tree\jars\asm-tree-4.1.jar, C:\Users\Chunf\.ivy2\cache\org.ow2.asm\asm-analysis\jars\asm-analysis-4.1.jar, C:\Users\Chunf\.ivy2\cache\org.ow2.asm\asm-util\jars\asm-util-4.1.jar, C:\Users\Chunf\.ivy2\cache\commons-io\commons-io\jars\commons-io-2.4.jar),Some(C:\Users\Chunf\.ivy2\cache\com.typesafe.play\play-omnidoc_2.10\jars\play-omnidoc_2.10-2.4.1.jar),List(),9000,0.0.0.0,DefaultWatchService,List(C:\play framework\hackfest\play-java-intro\public, C:\play framework\hackfest\play-java-intro\conf, C:\play framework\hackfest\play-java-intro\app\assets, C:\play framework\hackfest\play-java-intro\app-2.10, C:\play framework\hackfest\play-java-intro\app),C:\play framework\hackfest\play-java-intro\target,500,root/playForkNotifyStart,root/playForkReload,300000,play.core.server.DevServerStart),scala.pickling.PicklerUnpickler$DelegatingPicklerUnpickler@54a77030),ForkConfig(C:\play framework\hackfest\play-java-intro,List(),List(C:\Users\Chunf\.ivy2\cache\com.typesafe.play\twirl-api_2.10\jars\twirl-api_2.10-1.1.1.jar, C:\Users\Chunf\.ivy2\cache\org.scala-lang\scala-library\jars\scala-library-2.10.5.jar, C:\Users\Chunf\.ivy2\cache\org.apache.commons\commons-lang3\jars\commons-lang3-3.4.jar, C:\Users\Chunf\.ivy2\cache\com.typesafe.play\play-enhancer\jars\play-enhancer-1.1.0.jar, C:\Users\Chunf\.ivy2\cache\com.typesafe.play\play-server_2.10\jars\play-server_2.10-2.4.1.jar, C:\Users\Chunf\.ivy2\cache\com.typesafe.play\play_2.10\jars\play_2.10-2.4.1.jar, C:\Users\Chunf\.ivy2\cache\com.typesafe.play\build-link\jars\build-link-2.4.1.jar, C:\Users\Chunf\.ivy2\cache\com.typesafe.play\play-exceptions\jars\play-exceptions-2.4.1.jar, C:\Users\Chunf\.ivy2\cache\org.javassist\javassist\bundles\javassist-3.19.0-GA.jar, C:\Users\Chunf\.ivy2\cache\com.typesafe.play\play-iteratees_2.10\jars\play-iteratees_2.10-2.4.1.jar, C:\Users\Chunf\.ivy2\cache\org.scala-stm\scala-stm_2.10\jars\scala-stm_2.10-0.7.jar, C:\Users\Chunf\.ivy2\cache\com.typesafe\config\bundles\config-1.3.0.jar, C:\Users\Chunf\.ivy2\cache\com.typesafe.play\play-json_2.10\jars\play-json_2.10-2.4.1.jar, C:\Users\Chunf\.ivy2\cache\com.typesafe.play\play-functional_2.10\jars\play-functional_2.10-2.4.1.jar, C:\Users\Chunf\.ivy2\cache\com.typesafe.play\play-datacommons_2.10\jars\play-datacommons_2.10-2.4.1.jar, C:\Users\Chunf\.ivy2\cache\joda-time\joda-time\jars\joda-time-2.7.jar, C:\Users\Chunf\.ivy2\cache\org.joda\joda-convert\jars\joda-convert-1.7.jar, C:\Users\Chunf\.ivy2\cache\org.scala-lang\scala-reflect\jars\scala-reflect-2.10.5.jar, C:\Users\Chunf\.ivy2\cache\com.fasterxml.jackson.core\jackson-core\bundles\jackson-core-2.5.4.jar, C:\Users\Chunf\.ivy2\cache\com.fasterxml.jackson.core\jackson-annotations\bundles\jackson-annotations-2.5.4.jar, C:\Users\Chunf\.ivy2\cache\com.fasterxml.jackson.core\jackson-databind\bundles\jackson-databind-2.5.4.jar, C:\Users\Chunf\.ivy2\cache\com.fasterxml.jackson.datatype\jackson-datatype-jdk8\bundles\jackson-datatype-jdk8-2.5.4.jar, C:\Users\Chunf\.ivy2\cache\com.fasterxml.jackson.datatype\jackson-datatype-jsr310\bundles\jackson-datatype-jsr310-2.5.4.jar, C:\Users\Chunf\.ivy2\cache\com.typesafe.play\play-netty-utils\jars\play-netty-utils-2.4.1.jar, C:\Users\Chunf\.ivy2\cache\org.slf4j\slf4j-api\jars\slf4j-api-1.7.12.jar, C:\Users\Chunf\.ivy2\cache\org.slf4j\jul-to-slf4j\jars\jul-to-slf4j-1.7.12.jar, C:\Users\Chunf\.ivy2\cache\org.slf4j\jcl-over-slf4j\jars\jcl-over-slf4j-1.7.12.jar, C:\Users\Chunf\.ivy2\cache\ch.qos.logback\logback-core\jars\logback-core-1.1.3.jar, C:\Users\Chunf\.ivy2\cache\ch.qos.logback\logback-classic\jars\logback-classic-1.1.3.jar, C:\Users\Chunf\.ivy2\cache\com.typesafe.akka\akka-actor_2.10\jars\akka-actor_2.10-2.3.11.jar, C:\Users\Chunf\.ivy2\cache\com.typesafe.akka\akka-slf4j_2.10\jars\akka-slf4j_2.10-2.3.11.jar, C:\Users\Chunf\.ivy2\cache\commons-codec\commons-codec\jars\commons-codec-1.10.jar, C:\Users\Chunf\.ivy2\cache\xerces\xercesImpl\jars\xercesImpl-2.11.0.jar, C:\Users\Chunf\.ivy2\cache\xml-apis\xml-apis\jars\xml-apis-1.4.01.jar, C:\Users\Chunf\.ivy2\cache\javax.transaction\jta\jars\jta-1.1.jar, C:\Users\Chunf\.ivy2\cache\com.google.inject\guice\jars\guice-4.0.jar, C:\Users\Chunf\.ivy2\cache\javax.inject\javax.inject\jars\javax.inject-1.jar, C:\Users\Chunf\.ivy2\cache\aopalliance\aopalliance\jars\aopalliance-1.0.jar, C:\Users\Chunf\.ivy2\cache\com.google.inject.extensions\guice-assistedinject\jars\guice-assistedinject-4.0.jar, C:\Users\Chunf\.ivy2\cache\com.typesafe.play\play-java_2.10\jars\play-java_2.10-2.4.1.jar, C:\Users\Chunf\.ivy2\cache\org.scala-lang.modules\scala-java8-compat_2.10\bundles\scala-java8-compat_2.10-0.3.0.jar, C:\Users\Chunf\.ivy2\cache\org.yaml\snakeyaml\bundles\snakeyaml-1.15.jar, C:\Users\Chunf\.ivy2\cache\org.hibernate\hibernate-validator\jars\hibernate-validator-5.0.3.Final.jar, C:\Users\Chunf\.ivy2\cache\javax.validation\validation-api\jars\validation-api-1.1.0.Final.jar, C:\Users\Chunf\.ivy2\cache\com.fasterxml\classmate\bundles\classmate-1.0.0.jar, C:\Users\Chunf\.ivy2\cache\org.jboss.logging\jboss-logging\jars\jboss-logging-3.2.1.Final.jar, C:\Users\Chunf\.ivy2\cache\org.springframework\spring-context\jars\spring-context-4.1.6.RELEASE.jar, C:\Users\Chunf\.ivy2\cache\org.springframework\spring-core\jars\spring-core-4.1.6.RELEASE.jar, C:\Users\Chunf\.ivy2\cache\org.springframework\spring-beans\jars\spring-beans-4.1.6.RELEASE.jar, C:\Users\Chunf\.ivy2\cache\org.reflections\reflections\jars\reflections-0.9.9.jar, C:\Users\Chunf\.ivy2\cache\com.google.guava\guava\bundles\guava-18.0.jar, C:\Users\Chunf\.ivy2\cache\com.google.code.findbugs\annotations\jars\annotations-2.0.1.jar, C:\Users\Chunf\.ivy2\cache\net.jodah\typetools\bundles\typetools-0.4.1.jar, C:\Users\Chunf\.ivy2\cache\com.google.code.findbugs\jsr305\jars\jsr305-2.0.3.jar, C:\Users\Chunf\.ivy2\cache\org.apache.tomcat\tomcat-servlet-api\jars\tomcat-servlet-api-8.0.21.jar, C:\Users\Chunf\.ivy2\cache\com.typesafe.play\play-netty-server_2.10\jars\play-netty-server_2.10-2.4.1.jar, C:\Users\Chunf\.ivy2\cache\io.netty\netty\bundles\netty-3.10.3.Final.jar, C:\Users\Chunf\.ivy2\cache\com.typesafe.netty\netty-http-pipelining\jars\netty-http-pipelining-1.1.4.jar, C:\Users\Chunf\.ivy2\cache\com.typesafe.play\play-java-jpa_2.10\jars\play-java-jpa_2.10-2.4.1.jar, C:\Users\Chunf\.ivy2\cache\com.typesafe.play\play-java-jdbc_2.10\jars\play-java-jdbc_2.10-2.4.1.jar, C:\Users\Chunf\.ivy2\cache\com.typesafe.play\play-jdbc_2.10\jars\play-jdbc_2.10-2.4.1.jar, C:\Users\Chunf\.ivy2\cache\com.typesafe.play\play-jdbc-api_2.10\jars\play-jdbc-api_2.10-2.4.1.jar, C:\Users\Chunf\.ivy2\cache\com.jolbox\bonecp\bundles\bonecp-0.8.0.RELEASE.jar, C:\Users\Chunf\.ivy2\cache\com.zaxxer\HikariCP\bundles\HikariCP-2.3.7.jar, C:\Users\Chunf\.ivy2\cache\com.h2database\h2\jars\h2-1.4.187.jar, C:\Users\Chunf\.ivy2\cache\tyrex\tyrex\jars\tyrex-1.0.1.jar, C:\Users\Chunf\.ivy2\cache\org.hibernate.javax.persistence\hibernate-jpa-2.1-api\jars\hibernate-jpa-2.1-api-1.0.0.Final.jar, C:\Users\Chunf\.ivy2\cache\org.hibernate\hibernate-entitymanager\jars\hibernate-entitymanager-4.3.7.Final.jar, C:\Users\Chunf\.ivy2\cache\org.jboss.logging\jboss-logging-annotations\jars\jboss-logging-annotations-1.2.0.Beta1.jar, C:\Users\Chunf\.ivy2\cache\org.hibernate\hibernate-core\jars\hibernate-core-4.3.7.Final.jar, C:\Users\Chunf\.ivy2\cache\org.jboss.spec.javax.transaction\jboss-transaction-api_1.2_spec\jars\jboss-transaction-api_1.2_spec-1.0.0.Final.jar, C:\Users\Chunf\.ivy2\cache\dom4j\dom4j\jars\dom4j-1.6.1.jar, C:\Users\Chunf\.ivy2\cache\org.hibernate.common\hibernate-commons-annotations\jars\hibernate-commons-annotations-4.0.5.Final.jar, C:\Users\Chunf\.ivy2\cache\antlr\antlr\jars\antlr-2.7.7.jar, C:\Users\Chunf\.ivy2\cache\org.jboss\jandex\jars\jandex-1.1.0.Final.jar),List((public/,C:\play framework\hackfest\play-java-intro\target\web\public\main)),List(C:\Users\Chunf\.ivy2\cache\com.typesafe.play\play-omnidoc_2.10\jars\play-omnidoc_2.10-2.4.1.jar, C:\Users\Chunf\.ivy2\cache\org.scala-lang\scala-library\jars\scala-library-2.10.5.jar, C:\Users\Chunf\.ivy2\cache\com.typesafe.play\play-docs_2.10\jars\play-docs_2.10-2.4.1.jar, C:\Users\Chunf\.ivy2\cache\com.typesafe.play\play-netty-server_2.10\jars\play-netty-server_2.10-2.4.1.jar, C:\Users\Chunf\.ivy2\cache\com.typesafe.play\play-server_2.10\jars\play-server_2.10-2.4.1.jar, C:\Users\Chunf\.ivy2\cache\com.typesafe.play\play_2.10\jars\play_2.10-2.4.1.jar, C:\Users\Chunf\.ivy2\cache\com.typesafe.play\build-link\jars\build-link-2.4.1.jar, C:\Users\Chunf\.ivy2\cache\com.typesafe.play\play-exceptions\jars\play-exceptions-2.4.1.jar, C:\Users\Chunf\.ivy2\cache\org.javassist\javassist\bundles\javassist-3.19.0-GA.jar, C:\Users\Chunf\.ivy2\cache\com.typesafe.play\play-iteratees_2.10\jars\play-iteratees_2.10-2.4.1.jar, C:\Users\Chunf\.ivy2\cache\org.scala-stm\scala-stm_2.10\jars\scala-stm_2.10-0.7.jar, C:\Users\Chunf\.ivy2\cache\com.typesafe\config\bundles\config-1.3.0.jar, C:\Users\Chunf\.ivy2\cache\com.typesafe.play\play-json_2.10\jars\play-json_2.10-2.4.1.jar, C:\Users\Chunf\.ivy2\cache\com.typesafe.play\play-functional_2.10\jars\play-functional_2.10-2.4.1.jar, C:\Users\Chunf\.ivy2\cache\com.typesafe.play\play-datacommons_2.10\jars\play-datacommons_2.10-2.4.1.jar, C:\Users\Chunf\.ivy2\cache\joda-time\joda-time\jars\joda-time-2.7.jar, C:\Users\Chunf\.ivy2\cache\org.joda\joda-convert\jars\joda-convert-1.7.jar, C:\Users\Chunf\.ivy2\cache\org.scala-lang\scala-reflect\jars\scala-reflect-2.10.5.jar, C:\Users\Chunf\.ivy2\cache\com.fasterxml.jackson.core\jackson-core\bundles\jackson-core-2.5.4.jar, C:\Users\Chunf\.ivy2\cache\com.fasterxml.jackson.core\jackson-annotations\bundles\jackson-annotations-2.5.4.jar, C:\Users\Chunf\.ivy2\cache\com.fasterxml.jackson.core\jackson-databind\bundles\jackson-databind-2.5.4.jar, C:\Users\Chunf\.ivy2\cache\com.fasterxml.jackson.datatype\jackson-datatype-jdk8\bundles\jackson-datatype-jdk8-2.5.4.jar, C:\Users\Chunf\.ivy2\cache\com.fasterxml.jackson.datatype\jackson-datatype-jsr310\bundles\jackson-datatype-jsr310-2.5.4.jar, C:\Users\Chunf\.ivy2\cache\com.typesafe.play\play-netty-utils\jars\play-netty-utils-2.4.1.jar, C:\Users\Chunf\.ivy2\cache\org.slf4j\slf4j-api\jars\slf4j-api-1.7.12.jar, C:\Users\Chunf\.ivy2\cache\org.slf4j\jul-to-slf4j\jars\jul-to-slf4j-1.7.12.jar, C:\Users\Chunf\.ivy2\cache\org.slf4j\jcl-over-slf4j\jars\jcl-over-slf4j-1.7.12.jar, C:\Users\Chunf\.ivy2\cache\com.typesafe.play\twirl-api_2.10\jars\twirl-api_2.10-1.1.1.jar, C:\Users\Chunf\.ivy2\cache\org.apache.commons\commons-lang3\jars\commons-lang3-3.4.jar, C:\Users\Chunf\.ivy2\cache\ch.qos.logback\logback-core\jars\logback-core-1.1.3.jar, C:\Users\Chunf\.ivy2\cache\ch.qos.logback\logback-classic\jars\logback-classic-1.1.3.jar, C:\Users\Chunf\.ivy2\cache\com.typesafe.akka\akka-actor_2.10\jars\akka-actor_2.10-2.3.11.jar, C:\Users\Chunf\.ivy2\cache\com.typesafe.akka\akka-slf4j_2.10\jars\akka-slf4j_2.10-2.3.11.jar, C:\Users\Chunf\.ivy2\cache\commons-codec\commons-codec\jars\commons-codec-1.10.jar, C:\Users\Chunf\.ivy2\cache\xerces\xercesImpl\jars\xercesImpl-2.11.0.jar, C:\Users\Chunf\.ivy2\cache\xml-apis\xml-apis\jars\xml-apis-1.4.01.jar, C:\Users\Chunf\.ivy2\cache\javax.transaction\jta\jars\jta-1.1.jar, C:\Users\Chunf\.ivy2\cache\com.google.inject\guice\jars\guice-4.0.jar, C:\Users\Chunf\.ivy2\cache\javax.inject\javax.inject\jars\javax.inject-1.jar, C:\Users\Chunf\.ivy2\cache\aopalliance\aopalliance\jars\aopalliance-1.0.jar, C:\Users\Chunf\.ivy2\cache\com.google.guava\guava\bundles\guava-16.0.1.jar, C:\Users\Chunf\.ivy2\cache\com.google.inject.extensions\guice-assistedinject\jars\guice-assistedinject-4.0.jar, C:\Users\Chunf\.ivy2\cache\io.netty\netty\bundles\netty-3.10.3.Final.jar, C:\Users\Chunf\.ivy2\cache\com.typesafe.netty\netty-http-pipelining\jars\netty-http-pipelining-1.1.4.jar, C:\Users\Chunf\.ivy2\cache\com.typesafe.play\play-doc_2.10\jars\play-doc_2.10-1.2.2.jar, C:\Users\Chunf\.ivy2\cache\org.pegdown\pegdown\jars\pegdown-1.4.0.jar, C:\Users\Chunf\.ivy2\cache\org.parboiled\parboiled-java\bundles\parboiled-java-1.1.5.jar, C:\Users\Chunf\.ivy2\cache\org.parboiled\parboiled-core\bundles\parboiled-core-1.1.5.jar, C:\Users\Chunf\.ivy2\cache\org.ow2.asm\asm\jars\asm-4.1.jar, C:\Users\Chunf\.ivy2\cache\org.ow2.asm\asm-tree\jars\asm-tree-4.1.jar, C:\Users\Chunf\.ivy2\cache\org.ow2.asm\asm-analysis\jars\asm-analysis-4.1.jar, C:\Users\Chunf\.ivy2\cache\org.ow2.asm\asm-util\jars\asm-util-4.1.jar, C:\Users\Chunf\.ivy2\cache\commons-io\commons-io\jars\commons-io-2.4.jar),Some(C:\Users\Chunf\.ivy2\cache\com.typesafe.play\play-omnidoc_2.10\jars\play-omnidoc_2.10-2.4.1.jar),List(),9000,0.0.0.0,DefaultWatchService,List(C:\play framework\hackfest\play-java-intro\public, C:\play framework\hackfest\play-java-intro\conf, C:\play framework\hackfest\play-java-intro\app\assets, C:\play framework\hackfest\play-java-intro\app-2.10, C:\play framework\hackfest\play-java-intro\app),C:\play framework\hackfest\play-java-intro\target,500,root/playForkNotifyStart,root/playForkReload,300000,play.core.server.DevServerStart))))
Sending msg to client play-fork-run-96a2a7d4-4fd1-45cf-9a97-cc2fa04d62e3: TaskStarted(39,6270,None)
Sending msg to client play-fork-run-96a2a7d4-4fd1-45cf-9a97-cc2fa04d62e3: TaskFinished(39,6270,None,true,None)
Sending msg to client play-fork-run-96a2a7d4-4fd1-45cf-9a97-cc2fa04d62e3: TaskStarted(39,6269,None)
Sending msg to client play-fork-run-96a2a7d4-4fd1-45cf-9a97-cc2fa04d62e3: TaskFinished(39,6269,None,true,None)
Sending msg to client play-fork-run-96a2a7d4-4fd1-45cf-9a97-cc2fa04d62e3: DetachedLogEvent(LogMessage(debug,cancel strategy finish enabled=false lastCommand=Some(LastCommand(CommandExecutionWork(ExecutionId(39),{file:/C:/play%20framework/hackfest/play-java-intro/}root/*:playForkConfig,Set(LiveClient(play-fork-run 96a2a7d4-4fd1-45cf-9a97-cc2fa04d62e3)),sbt.server.WorkCancellationStatus$$anon$1@428e751f)))))
Sending msg to client play-fork-run-96a2a7d4-4fd1-45cf-9a97-cc2fa04d62e3: DetachedLogEvent(LogSuccess(Total time: 1 s, completed Jun 28, 2015 12:22:08 PM))
Sending msg to client play-fork-run-96a2a7d4-4fd1-45cf-9a97-cc2fa04d62e3: DetachedLogEvent(LogMessage(debug,> server-post-command-cleanup))
Sending msg to client play-fork-run-96a2a7d4-4fd1-45cf-9a97-cc2fa04d62e3: ExecutionSuccess(39)
Sending msg to client play-fork-run-96a2a7d4-4fd1-45cf-9a97-cc2fa04d62e3: DetachedLogEvent(LogMessage(debug,> server-handle-next-server-request))
Sending msg to client play-fork-run-96a2a7d4-4fd1-45cf-9a97-cc2fa04d62e3: BackgroundJobLogEvent(3,LogMessage(info,))
Sending msg to client play-fork-run-96a2a7d4-4fd1-45cf-9a97-cc2fa04d62e3: BackgroundJobLogEvent(3,LogMessage(info,--- (Running the application, auto-reloading is enabled) ---))
Sending msg to client play-fork-run-96a2a7d4-4fd1-45cf-9a97-cc2fa04d62e3: BackgroundJobLogEvent(3,LogMessage(info,))
Sending msg to client play-fork-run-96a2a7d4-4fd1-45cf-9a97-cc2fa04d62e3: BackgroundJobLogEvent(3,LogMessage(info,p.a.l.c.ActorSystemProvider - Starting application default Akka system: application))
Sending msg to client play-fork-run-96a2a7d4-4fd1-45cf-9a97-cc2fa04d62e3: BackgroundJobLogEvent(3,LogMessage(error,Play fork run has failed due to:))
Sending msg to client play-fork-run-96a2a7d4-4fd1-45cf-9a97-cc2fa04d62e3: BackgroundJobLogEvent(3,LogMessage(error,java.lang.reflect.InvocationTargetException))
Sending msg to client play-fork-run-96a2a7d4-4fd1-45cf-9a97-cc2fa04d62e3: BackgroundJobLogEvent(3,LogMessage(error,	at sun.reflect.NativeMethodAccessorImpl.invoke0(Native Method)))
Sending msg to client play-fork-run-96a2a7d4-4fd1-45cf-9a97-cc2fa04d62e3: BackgroundJobLogEvent(3,LogMessage(error,	at sun.reflect.NativeMethodAccessorImpl.invoke(Unknown Source)))
Sending msg to client play-fork-run-96a2a7d4-4fd1-45cf-9a97-cc2fa04d62e3: BackgroundJobLogEvent(3,LogMessage(error,	at sun.reflect.DelegatingMethodAccessorImpl.invoke(Unknown Source)))
Sending msg to client play-fork-run-96a2a7d4-4fd1-45cf-9a97-cc2fa04d62e3: BackgroundJobLogEvent(3,LogMessage(error,	at java.lang.reflect.Method.invoke(Unknown Source)))
Sending msg to client play-fork-run-96a2a7d4-4fd1-45cf-9a97-cc2fa04d62e3: BackgroundJobLogEvent(3,LogMessage(error,	at play.runsupport.Reloader$.startDevMode(Reloader.scala:207)))
Sending msg to client play-fork-run-96a2a7d4-4fd1-45cf-9a97-cc2fa04d62e3: BackgroundJobLogEvent(3,LogMessage(error,	at play.forkrun.ForkRun$.startServer(ForkRun.scala:82)))
Sending msg to client play-fork-run-96a2a7d4-4fd1-45cf-9a97-cc2fa04d62e3: BackgroundJobLogEvent(3,LogMessage(error,	at play.forkrun.ForkRun.run(ForkRun.scala:177)))
Sending msg to client play-fork-run-96a2a7d4-4fd1-45cf-9a97-cc2fa04d62e3: BackgroundJobLogEvent(3,LogMessage(error,	at play.forkrun.ForkRun$$anonfun$settingUp$1.applyOrElse(ForkRun.scala:166)))
Sending msg to client play-fork-run-96a2a7d4-4fd1-45cf-9a97-cc2fa04d62e3: BackgroundJobLogEvent(3,LogMessage(error,	at akka.actor.Actor$class.aroundReceive(Actor.scala:465)))
Sending msg to client play-fork-run-96a2a7d4-4fd1-45cf-9a97-cc2fa04d62e3: BackgroundJobLogEvent(3,LogMessage(error,	at play.forkrun.ForkRun.aroundReceive(ForkRun.scala:152)))
Sending msg to client play-fork-run-96a2a7d4-4fd1-45cf-9a97-cc2fa04d62e3: BackgroundJobLogEvent(3,LogMessage(error,	at akka.actor.ActorCell.receiveMessage(ActorCell.scala:516)))
Sending msg to client play-fork-run-96a2a7d4-4fd1-45cf-9a97-cc2fa04d62e3: BackgroundJobLogEvent(3,LogMessage(error,	at akka.actor.ActorCell.invoke(ActorCell.scala:487)))
Sending msg to client play-fork-run-96a2a7d4-4fd1-45cf-9a97-cc2fa04d62e3: BackgroundJobLogEvent(3,LogMessage(error,	at akka.dispatch.Mailbox.processMailbox(Mailbox.scala:254)))
Sending msg to client play-fork-run-96a2a7d4-4fd1-45cf-9a97-cc2fa04d62e3: BackgroundJobLogEvent(3,LogMessage(error,	at akka.dispatch.Mailbox.run(Mailbox.scala:221)))
Sending msg to client play-fork-run-96a2a7d4-4fd1-45cf-9a97-cc2fa04d62e3: BackgroundJobLogEvent(3,LogMessage(error,	at akka.dispatch.Mailbox.exec(Mailbox.scala:231)))
Sending msg to client play-fork-run-96a2a7d4-4fd1-45cf-9a97-cc2fa04d62e3: BackgroundJobLogEvent(3,LogMessage(error,	at scala.concurrent.forkjoin.ForkJoinTask.doExec(ForkJoinTask.java:260)))
Sending msg to client play-fork-run-96a2a7d4-4fd1-45cf-9a97-cc2fa04d62e3: BackgroundJobLogEvent(3,LogMessage(error,	at scala.concurrent.forkjoin.ForkJoinPool$WorkQueue.pollAndExecAll(ForkJoinPool.java:1253)))
Sending msg to client play-fork-run-96a2a7d4-4fd1-45cf-9a97-cc2fa04d62e3: BackgroundJobLogEvent(3,LogMessage(error,	at scala.concurrent.forkjoin.ForkJoinPool$WorkQueue.runTask(ForkJoinPool.java:1346)))
Sending msg to client play-fork-run-96a2a7d4-4fd1-45cf-9a97-cc2fa04d62e3: BackgroundJobLogEvent(3,LogMessage(error,	at scala.concurrent.forkjoin.ForkJoinPool.runWorker(ForkJoinPool.java:1979)))
Sending msg to client play-fork-run-96a2a7d4-4fd1-45cf-9a97-cc2fa04d62e3: BackgroundJobLogEvent(3,LogMessage(error,	at scala.concurrent.forkjoin.ForkJoinWorkerThread.run(ForkJoinWorkerThread.java:107)))
Sending msg to client play-fork-run-96a2a7d4-4fd1-45cf-9a97-cc2fa04d62e3: BackgroundJobLogEvent(3,LogMessage(error,Caused by: org.jboss.netty.channel.ChannelException: Failed to bind to: /0.0.0.0:9000))
Sending msg to client play-fork-run-96a2a7d4-4fd1-45cf-9a97-cc2fa04d62e3: BackgroundJobLogEvent(3,LogMessage(error,	at org.jboss.netty.bootstrap.ServerBootstrap.bind(ServerBootstrap.java:272)))
Sending msg to client play-fork-run-96a2a7d4-4fd1-45cf-9a97-cc2fa04d62e3: BackgroundJobLogEvent(3,LogMessage(error,	at play.core.server.NettyServer$$anonfun$1.apply(NettyServer.scala:132)))
Sending msg to client play-fork-run-96a2a7d4-4fd1-45cf-9a97-cc2fa04d62e3: BackgroundJobLogEvent(3,LogMessage(error,	at play.core.server.NettyServer$$anonfun$1.apply(NettyServer.scala:129)))
Sending msg to client play-fork-run-96a2a7d4-4fd1-45cf-9a97-cc2fa04d62e3: BackgroundJobLogEvent(3,LogMessage(error,	at scala.Option.map(Option.scala:145)))
Sending msg to client play-fork-run-96a2a7d4-4fd1-45cf-9a97-cc2fa04d62e3: BackgroundJobLogEvent(3,LogMessage(error,	at play.core.server.NettyServer.<init>(NettyServer.scala:129)))
Sending msg to client play-fork-run-96a2a7d4-4fd1-45cf-9a97-cc2fa04d62e3: BackgroundJobLogEvent(3,LogMessage(error,	at play.core.server.NettyServerProvider.createServer(NettyServer.scala:200)))
Sending msg to client play-fork-run-96a2a7d4-4fd1-45cf-9a97-cc2fa04d62e3: BackgroundJobLogEvent(3,LogMessage(error,	at play.core.server.NettyServerProvider.createServer(NettyServer.scala:199)))
Sending msg to client play-fork-run-96a2a7d4-4fd1-45cf-9a97-cc2fa04d62e3: BackgroundJobLogEvent(3,LogMessage(error,	at play.core.server.DevServerStart$$anonfun$mainDev$1.apply(DevServerStart.scala:208)))
Sending msg to client play-fork-run-96a2a7d4-4fd1-45cf-9a97-cc2fa04d62e3: BackgroundJobLogEvent(3,LogMessage(error,	at play.core.server.DevServerStart$$anonfun$mainDev$1.apply(DevServerStart.scala:61)))
Sending msg to client play-fork-run-96a2a7d4-4fd1-45cf-9a97-cc2fa04d62e3: BackgroundJobLogEvent(3,LogMessage(error,	at play.utils.Threads$.withContextClassLoader(Threads.scala:21)))
Sending msg to client play-fork-run-96a2a7d4-4fd1-45cf-9a97-cc2fa04d62e3: BackgroundJobLogEvent(3,LogMessage(error,	at play.core.server.DevServerStart$.mainDev(DevServerStart.scala:60)))
Sending msg to client play-fork-run-96a2a7d4-4fd1-45cf-9a97-cc2fa04d62e3: BackgroundJobLogEvent(3,LogMessage(error,	at play.core.server.DevServerStart$.mainDevHttpMode(DevServerStart.scala:50)))
Sending msg to client play-fork-run-96a2a7d4-4fd1-45cf-9a97-cc2fa04d62e3: BackgroundJobLogEvent(3,LogMessage(error,	at play.core.server.DevServerStart.mainDevHttpMode(DevServerStart.scala)))
Sending msg to client play-fork-run-96a2a7d4-4fd1-45cf-9a97-cc2fa04d62e3: BackgroundJobLogEvent(3,LogMessage(error,	... 20 more))
Sending msg to client play-fork-run-96a2a7d4-4fd1-45cf-9a97-cc2fa04d62e3: BackgroundJobLogEvent(3,LogMessage(error,Caused by: java.net.BindException: Address already in use: bind))
Sending msg to client play-fork-run-96a2a7d4-4fd1-45cf-9a97-cc2fa04d62e3: BackgroundJobLogEvent(3,LogMessage(error,	at sun.nio.ch.Net.bind0(Native Method)))
Sending msg to client play-fork-run-96a2a7d4-4fd1-45cf-9a97-cc2fa04d62e3: BackgroundJobLogEvent(3,LogMessage(error,	at sun.nio.ch.Net.bind(Unknown Source)))
Sending msg to client play-fork-run-96a2a7d4-4fd1-45cf-9a97-cc2fa04d62e3: BackgroundJobLogEvent(3,LogMessage(error,	at sun.nio.ch.Net.bind(Unknown Source)))
Sending msg to client play-fork-run-96a2a7d4-4fd1-45cf-9a97-cc2fa04d62e3: BackgroundJobLogEvent(3,LogMessage(error,	at sun.nio.ch.ServerSocketChannelImpl.bind(Unknown Source)))
Sending msg to client play-fork-run-96a2a7d4-4fd1-45cf-9a97-cc2fa04d62e3: BackgroundJobLogEvent(3,LogMessage(error,	at sun.nio.ch.ServerSocketAdaptor.bind(Unknown Source)))
Sending msg to client play-fork-run-96a2a7d4-4fd1-45cf-9a97-cc2fa04d62e3: BackgroundJobLogEvent(3,LogMessage(error,	at org.jboss.netty.channel.socket.nio.NioServerBoss$RegisterTask.run(NioServerBoss.java:193)))
Sending msg to client play-fork-run-96a2a7d4-4fd1-45cf-9a97-cc2fa04d62e3: BackgroundJobLogEvent(3,LogMessage(error,	at org.jboss.netty.channel.socket.nio.AbstractNioSelector.processTaskQueue(AbstractNioSelector.java:391)))
Sending msg to client play-fork-run-96a2a7d4-4fd1-45cf-9a97-cc2fa04d62e3: BackgroundJobLogEvent(3,LogMessage(error,	at org.jboss.netty.channel.socket.nio.AbstractNioSelector.run(AbstractNioSelector.java:315)))
Sending msg to client play-fork-run-96a2a7d4-4fd1-45cf-9a97-cc2fa04d62e3: BackgroundJobLogEvent(3,LogMessage(error,	at org.jboss.netty.channel.socket.nio.NioServerBoss.run(NioServerBoss.java:42)))
Sending msg to client play-fork-run-96a2a7d4-4fd1-45cf-9a97-cc2fa04d62e3: BackgroundJobLogEvent(3,LogMessage(error,	at org.jboss.netty.util.ThreadRenamingRunnable.run(ThreadRenamingRunnable.java:108)))
Sending msg to client play-fork-run-96a2a7d4-4fd1-45cf-9a97-cc2fa04d62e3: BackgroundJobLogEvent(3,LogMessage(error,	at org.jboss.netty.util.internal.DeadLockProofWorker$1.run(DeadLockProofWorker.java:42)))
Sending msg to client play-fork-run-96a2a7d4-4fd1-45cf-9a97-cc2fa04d62e3: BackgroundJobLogEvent(3,LogMessage(error,	at java.util.concurrent.ThreadPoolExecutor.runWorker(Unknown Source)))
Sending msg to client play-fork-run-96a2a7d4-4fd1-45cf-9a97-cc2fa04d62e3: BackgroundJobLogEvent(3,LogMessage(error,	at java.util.concurrent.ThreadPoolExecutor$Worker.run(Unknown Source)))
Sending msg to client play-fork-run-96a2a7d4-4fd1-45cf-9a97-cc2fa04d62e3: BackgroundJobLogEvent(3,LogMessage(error,	at java.lang.Thread.run(Unknown Source)))
Got request: UnlistenToEvents()
Reading next message from client.
Got request: UnlistenToValue(AttributeKey[play.forkrun.protocol.ForkConfig]("playForkConfig") in Scope(Build: file:/C:/play%20framework/hackfest/play-java-intro/, , Project: ProjectReference(file:/C:/play%20framework/hackfest/play-java-intro/,root)))
Reading next message from client.
Client play-fork-run-96a2a7d4-4fd1-45cf-9a97-cc2fa04d62e3 EOF, shutting down.
Stopping client.
Client play-fork-run-96a2a7d4-4fd1-45cf-9a97-cc2fa04d62e3 thread exiting.
Dropping message (8,ReceivedResponse()) to dead client play-fork-run-96a2a7d4-4fd1-45cf-9a97-cc2fa04d62e3
Dropping message (9,ReceivedResponse()) to dead client play-fork-run-96a2a7d4-4fd1-45cf-9a97-cc2fa04d62e3
Dropping message (0,ReceivedResponse()) to dead client play-fork-run-96a2a7d4-4fd1-45cf-9a97-cc2fa04d62e3
