New log file opened at Sun Jun 28 20:40:37 BST 2015 by 13224@Chunf-PC
Sending msg to client play-fork-run-a1a418e2-d54d-40a2-a771-5441352feb64: TaskStarted(121,15835,Some(AttributeKey[scala.Option[xsbti.Reporter]]("compilerReporter") in Scope(Build: file:/C:/play%20framework/hackfest/play-java-intro/, , Project: ProjectReference(file:/C:/play%20framework/hackfest/play-java-intro/,root), Config: compile, Task: AttributeKey[sbt.inc.Analysis]("compile"))))
Sending msg to client play-fork-run-a1a418e2-d54d-40a2-a771-5441352feb64: TaskFinished(121,15835,Some(AttributeKey[scala.Option[xsbti.Reporter]]("compilerReporter") in Scope(Build: file:/C:/play%20framework/hackfest/play-java-intro/, , Project: ProjectReference(file:/C:/play%20framework/hackfest/play-java-intro/,root), Config: compile, Task: AttributeKey[sbt.inc.Analysis]("compile"))),true,None)
Sending msg to client play-fork-run-a1a418e2-d54d-40a2-a771-5441352feb64: TaskStarted(121,15739,Some(AttributeKey[sbt.compiler.IC$Result]("compileIncremental") in Scope(Build: file:/C:/play%20framework/hackfest/play-java-intro/, , Project: ProjectReference(file:/C:/play%20framework/hackfest/play-java-intro/,root), Config: compile)))
Sending msg to client play-fork-run-a1a418e2-d54d-40a2-a771-5441352feb64: TaskLogEvent(15739,LogMessage(debug,
Initial source changes: 
	removed:Set()
	added: Set()
	modified: Set(C:\play framework\hackfest\play-java-intro\app\jsonobject\GCMmessage.java)
Removed products: Set()
External API changes: API Changes: Set()
Modified binary dependencies: Set()
Initial directly invalidated sources: Set(C:\play framework\hackfest\play-java-intro\app\jsonobject\GCMmessage.java)

Sources indirectly invalidated by:
	product: Set()
	binary dep: Set()
	external source: Set()))
Sending msg to client play-fork-run-a1a418e2-d54d-40a2-a771-5441352feb64: TaskLogEvent(15739,LogMessage(debug,All initially invalidated sources: Set(C:\play framework\hackfest\play-java-intro\app\jsonobject\GCMmessage.java)
))
Sending msg to client play-fork-run-a1a418e2-d54d-40a2-a771-5441352feb64: TaskLogEvent(15739,LogMessage(info,Read from stdout: Compiling 1 Java source to C:\play framework\hackfest\play-java-intro\target\scala-2.10\classes...))
Sending msg to client play-fork-run-a1a418e2-d54d-40a2-a771-5441352feb64: TaskLogEvent(15739,LogMessage(info,Compiling 1 Java source to C:\play framework\hackfest\play-java-intro\target\scala-2.10\classes...))
Sending msg to client play-fork-run-a1a418e2-d54d-40a2-a771-5441352feb64: BackgroundJobLogEvent(7,LogMessage(info,Compiling 1 Java source to C:\play framework\hackfest\play-java-intro\target\scala-2.10\classes...))
Sending msg to client play-fork-run-a1a418e2-d54d-40a2-a771-5441352feb64: TaskLogEvent(15739,LogMessage(debug,Java compilation took 2.353570288 s))
Sending msg to client play-fork-run-a1a418e2-d54d-40a2-a771-5441352feb64: TaskLogEvent(15739,LogMessage(debug,Java analysis took 0.076743285 s))
Sending msg to client play-fork-run-a1a418e2-d54d-40a2-a771-5441352feb64: TaskLogEvent(15739,LogMessage(debug,Java compile + analysis took 2.466632385 s))
Sending msg to client play-fork-run-a1a418e2-d54d-40a2-a771-5441352feb64: TaskLogEvent(15739,LogMessage(debug,Invalidating C:\play framework\hackfest\play-java-intro\app\jsonobject\GCMmessage.java...))
Sending msg to client play-fork-run-a1a418e2-d54d-40a2-a771-5441352feb64: TaskLogEvent(15739,LogMessage(debug,Invalidating (transitively) by inheritance from C:\play framework\hackfest\play-java-intro\app\jsonobject\GCMmessage.java...))
Sending msg to client play-fork-run-a1a418e2-d54d-40a2-a771-5441352feb64: TaskLogEvent(15739,LogMessage(debug,Initial set of included nodes: Set(C:\play framework\hackfest\play-java-intro\app\jsonobject\GCMmessage.java)))
Sending msg to client play-fork-run-a1a418e2-d54d-40a2-a771-5441352feb64: TaskLogEvent(15739,LogMessage(debug,Invalidated by transitive inheritance dependency: Set(C:\play framework\hackfest\play-java-intro\app\jsonobject\GCMmessage.java)))
Sending msg to client play-fork-run-a1a418e2-d54d-40a2-a771-5441352feb64: TaskLogEvent(15739,LogMessage(debug,The C:\play framework\hackfest\play-java-intro\app\jsonobject\GCMmessage.java source file has the following regular definitions changed:
	notify, wait, payload, equals, data, notifyAll, <init>, this$0, GCMmessage$data, toString, getClass, hashCode.
All member reference dependencies will be considered within this context.))
Sending msg to client play-fork-run-a1a418e2-d54d-40a2-a771-5441352feb64: TaskLogEvent(15739,LogMessage(debug,Name hashing optimization doesn't apply to non-Scala dependency: C:\play framework\hackfest\play-java-intro\app\jsonobject\GCMmessage.java))
Sending msg to client play-fork-run-a1a418e2-d54d-40a2-a771-5441352feb64: TaskLogEvent(15739,LogMessage(debug,New invalidations:
	Set()))
Sending msg to client play-fork-run-a1a418e2-d54d-40a2-a771-5441352feb64: TaskLogEvent(15739,LogMessage(debug,Initial set of included nodes: Set()))
Sending msg to client play-fork-run-a1a418e2-d54d-40a2-a771-5441352feb64: TaskLogEvent(15739,LogMessage(debug,Previously invalidated, but (transitively) depend on new invalidations:
	Set()))
Sending msg to client play-fork-run-a1a418e2-d54d-40a2-a771-5441352feb64: TaskLogEvent(15739,LogMessage(debug,All newly invalidated sources after taking into account (previously) recompiled sources:Set()))
Sending msg to client play-fork-run-a1a418e2-d54d-40a2-a771-5441352feb64: TaskFinished(121,15739,Some(AttributeKey[sbt.compiler.IC$Result]("compileIncremental") in Scope(Build: file:/C:/play%20framework/hackfest/play-java-intro/, , Project: ProjectReference(file:/C:/play%20framework/hackfest/play-java-intro/,root), Config: compile)),true,None)
Sending msg to client play-fork-run-a1a418e2-d54d-40a2-a771-5441352feb64: TaskStarted(121,15738,Some(AttributeKey[sbt.compiler.IC$Result]("manipulateBytecode") in Scope(Build: file:/C:/play%20framework/hackfest/play-java-intro/, , Project: ProjectReference(file:/C:/play%20framework/hackfest/play-java-intro/,root), Config: compile)))
Sending msg to client play-fork-run-a1a418e2-d54d-40a2-a771-5441352feb64: TaskFinished(121,15738,Some(AttributeKey[sbt.compiler.IC$Result]("manipulateBytecode") in Scope(Build: file:/C:/play%20framework/hackfest/play-java-intro/, , Project: ProjectReference(file:/C:/play%20framework/hackfest/play-java-intro/,root), Config: compile)),true,None)
Sending msg to client play-fork-run-a1a418e2-d54d-40a2-a771-5441352feb64: TaskStarted(121,15737,Some(AttributeKey[sbt.compiler.IC$Result]("manipulateBytecode") in Scope(Build: file:/C:/play%20framework/hackfest/play-java-intro/, , Project: ProjectReference(file:/C:/play%20framework/hackfest/play-java-intro/,root), Config: compile)))
Sending msg to client play-fork-run-a1a418e2-d54d-40a2-a771-5441352feb64: TaskFinished(121,15737,Some(AttributeKey[sbt.compiler.IC$Result]("manipulateBytecode") in Scope(Build: file:/C:/play%20framework/hackfest/play-java-intro/, , Project: ProjectReference(file:/C:/play%20framework/hackfest/play-java-intro/,root), Config: compile)),true,None)
Sending msg to client play-fork-run-a1a418e2-d54d-40a2-a771-5441352feb64: TaskStarted(121,15736,Some(AttributeKey[sbt.inc.Analysis]("compile") in Scope(Build: file:/C:/play%20framework/hackfest/play-java-intro/, , Project: ProjectReference(file:/C:/play%20framework/hackfest/play-java-intro/,root), Config: compile)))
Sending msg to client play-fork-run-a1a418e2-d54d-40a2-a771-5441352feb64: TaskFinished(121,15736,Some(AttributeKey[sbt.inc.Analysis]("compile") in Scope(Build: file:/C:/play%20framework/hackfest/play-java-intro/, , Project: ProjectReference(file:/C:/play%20framework/hackfest/play-java-intro/,root), Config: compile)),true,None)
Sending msg to client play-fork-run-a1a418e2-d54d-40a2-a771-5441352feb64: TaskStarted(121,15735,None)
Sending msg to client play-fork-run-a1a418e2-d54d-40a2-a771-5441352feb64: TaskStarted(121,15864,Some(AttributeKey[scala.collection.Seq[java.lang.String]]("discoveredMainClasses") in Scope(Build: file:/C:/play%20framework/hackfest/play-java-intro/, , Project: ProjectReference(file:/C:/play%20framework/hackfest/play-java-intro/,root), Config: compile)))
Sending msg to client play-fork-run-a1a418e2-d54d-40a2-a771-5441352feb64: TaskFinished(121,15864,Some(AttributeKey[scala.collection.Seq[java.lang.String]]("discoveredMainClasses") in Scope(Build: file:/C:/play%20framework/hackfest/play-java-intro/, , Project: ProjectReference(file:/C:/play%20framework/hackfest/play-java-intro/,root), Config: compile)),true,None)
Sending msg to client play-fork-run-a1a418e2-d54d-40a2-a771-5441352feb64: TaskFinished(121,15735,None,true,None)
Sending msg to client play-fork-run-a1a418e2-d54d-40a2-a771-5441352feb64: TaskStarted(121,15734,None)
Sending msg to client play-fork-run-a1a418e2-d54d-40a2-a771-5441352feb64: TaskFinished(121,15734,None,true,None)
Sending msg to client play-fork-run-a1a418e2-d54d-40a2-a771-5441352feb64: DetachedLogEvent(LogMessage(debug,cancel strategy finish enabled=false lastCommand=Some(LastCommand(CommandExecutionWork(ExecutionId(121),compile,Set(LiveClient(activator d86720e2-70c2-4c85-914e-42a2ac5b55d1)),sbt.server.WorkCancellationStatus$$anon$1@28b6664e)))))
Sending msg to client play-fork-run-a1a418e2-d54d-40a2-a771-5441352feb64: DetachedLogEvent(LogSuccess(Total time: 3 s, completed Jun 28, 2015 8:40:40 PM))
Sending msg to client play-fork-run-a1a418e2-d54d-40a2-a771-5441352feb64: DetachedLogEvent(LogMessage(debug,> server-post-command-cleanup))
Sending msg to client play-fork-run-a1a418e2-d54d-40a2-a771-5441352feb64: ExecutionSuccess(121)
Sending msg to client play-fork-run-a1a418e2-d54d-40a2-a771-5441352feb64: DetachedLogEvent(LogMessage(debug,> server-handle-next-server-request))
Sending msg to client play-fork-run-a1a418e2-d54d-40a2-a771-5441352feb64: ExecutionWaiting(122,jobStop 7,ClientInfo(d86720e2-70c2-4c85-914e-42a2ac5b55d1,activator,Activator,3,Vector()))
Sending msg to client play-fork-run-a1a418e2-d54d-40a2-a771-5441352feb64: ExecutionWaiting(123,backgroundRun,ClientInfo(d86720e2-70c2-4c85-914e-42a2ac5b55d1,activator,Activator,3,Vector()))
Sending msg to client play-fork-run-a1a418e2-d54d-40a2-a771-5441352feb64: ExecutionStarting(122)
Sending msg to client play-fork-run-a1a418e2-d54d-40a2-a771-5441352feb64: DetachedLogEvent(LogMessage(debug,> jobStop 7))
Sending msg to client play-fork-run-a1a418e2-d54d-40a2-a771-5441352feb64: DetachedLogEvent(LogMessage(debug,Evaluating tasks: *:jobStop))
Sending msg to client play-fork-run-a1a418e2-d54d-40a2-a771-5441352feb64: DetachedLogEvent(LogMessage(debug,Running task... Cancel: sbt.server.ServerTaskCancellation@6cd4ab, check cycles: false))
Sending msg to client play-fork-run-a1a418e2-d54d-40a2-a771-5441352feb64: DetachedLogEvent(LogMessage(debug,cancel strategy start enabled=true lastCommand=Some(LastCommand(CommandExecutionWork(ExecutionId(122),jobStop 7,Set(LiveClient(activator d86720e2-70c2-4c85-914e-42a2ac5b55d1)),sbt.server.WorkCancellationStatus$$anon$1@13a0a2d8)))))
Sending msg to client play-fork-run-a1a418e2-d54d-40a2-a771-5441352feb64: TaskStarted(122,15867,Some(AttributeKey[void]("jobStop") in Scope(Global)))
Sending msg to client play-fork-run-a1a418e2-d54d-40a2-a771-5441352feb64: TaskFinished(122,15867,Some(AttributeKey[void]("jobStop") in Scope(Global)),true,None)
Sending msg to client play-fork-run-a1a418e2-d54d-40a2-a771-5441352feb64: TaskStarted(122,15866,None)
Sending msg to client play-fork-run-a1a418e2-d54d-40a2-a771-5441352feb64: TaskFinished(122,15866,None,true,None)
Sending msg to client play-fork-run-a1a418e2-d54d-40a2-a771-5441352feb64: TaskStarted(122,15865,None)
Sending msg to client play-fork-run-a1a418e2-d54d-40a2-a771-5441352feb64: TaskFinished(122,15865,None,true,None)
Sending msg to client play-fork-run-a1a418e2-d54d-40a2-a771-5441352feb64: DetachedLogEvent(LogMessage(debug,cancel strategy finish enabled=false lastCommand=Some(LastCommand(CommandExecutionWork(ExecutionId(122),jobStop 7,Set(LiveClient(activator d86720e2-70c2-4c85-914e-42a2ac5b55d1)),sbt.server.WorkCancellationStatus$$anon$1@13a0a2d8)))))
Sending msg to client play-fork-run-a1a418e2-d54d-40a2-a771-5441352feb64: DetachedLogEvent(LogSuccess(Total time: 0 s, completed Jun 28, 2015 8:40:41 PM))
Sending msg to client play-fork-run-a1a418e2-d54d-40a2-a771-5441352feb64: DetachedLogEvent(LogMessage(debug,> server-post-command-cleanup))
Sending msg to client play-fork-run-a1a418e2-d54d-40a2-a771-5441352feb64: ExecutionSuccess(122)
Sending msg to client play-fork-run-a1a418e2-d54d-40a2-a771-5441352feb64: DetachedLogEvent(LogMessage(debug,> server-handle-next-server-request))
Sending msg to client play-fork-run-a1a418e2-d54d-40a2-a771-5441352feb64: ExecutionStarting(123)
Sending msg to client play-fork-run-a1a418e2-d54d-40a2-a771-5441352feb64: DetachedLogEvent(LogMessage(debug,> backgroundRun))
Sending msg to client play-fork-run-a1a418e2-d54d-40a2-a771-5441352feb64: DetachedLogEvent(LogMessage(debug,Evaluating tasks: compile:backgroundRun))
Sending msg to client play-fork-run-a1a418e2-d54d-40a2-a771-5441352feb64: DetachedLogEvent(LogMessage(debug,Running task... Cancel: sbt.server.ServerTaskCancellation@7d2e3102, check cycles: false))
Sending msg to client play-fork-run-a1a418e2-d54d-40a2-a771-5441352feb64: DetachedLogEvent(LogMessage(debug,cancel strategy start enabled=true lastCommand=Some(LastCommand(CommandExecutionWork(ExecutionId(123),backgroundRun,Set(LiveClient(activator d86720e2-70c2-4c85-914e-42a2ac5b55d1)),sbt.server.WorkCancellationStatus$$anon$1@1f236884)))))
Sending msg to client play-fork-run-a1a418e2-d54d-40a2-a771-5441352feb64: TaskStarted(123,15875,None)
Sending msg to client play-fork-run-a1a418e2-d54d-40a2-a771-5441352feb64: TaskStarted(123,15877,Some(AttributeKey[boolean]("skip") in Scope(Global)))
Sending msg to client play-fork-run-a1a418e2-d54d-40a2-a771-5441352feb64: TaskStarted(123,15878,Some(AttributeKey[java.lang.String]("updateCacheName") in Scope(Build: file:/C:/play%20framework/hackfest/play-java-intro/, , Project: ProjectReference(file:/C:/play%20framework/hackfest/play-java-intro/,root))))
Sending msg to client play-fork-run-a1a418e2-d54d-40a2-a771-5441352feb64: TaskStarted(123,15885,None)
Sending msg to client play-fork-run-a1a418e2-d54d-40a2-a771-5441352feb64: TaskStarted(123,15890,Some(AttributeKey[scala.Option[scala.collection.Seq[sbt.Resolver]]]("bootResolvers") in Scope(Build: file:/C:/play%20framework/hackfest/play-java-intro/, , Project: ProjectReference(file:/C:/play%20framework/hackfest/play-java-intro/,root))))
Sending msg to client play-fork-run-a1a418e2-d54d-40a2-a771-5441352feb64: TaskStarted(123,15891,Some(AttributeKey[scala.collection.Seq[sbt.Resolver]]("externalResolvers") in Scope(Build: file:/C:/play%20framework/hackfest/play-java-intro/, , Project: ProjectReference(file:/C:/play%20framework/hackfest/play-java-intro/,root))))
Sending msg to client play-fork-run-a1a418e2-d54d-40a2-a771-5441352feb64: TaskStarted(123,15896,Some(AttributeKey[scala.collection.Seq[sbt.Credentials]]("credentials") in Scope(Global)))
Sending msg to client play-fork-run-a1a418e2-d54d-40a2-a771-5441352feb64: TaskStarted(123,15898,None)
Sending msg to client play-fork-run-a1a418e2-d54d-40a2-a771-5441352feb64: TaskStarted(123,15904,None)
Sending msg to client play-fork-run-a1a418e2-d54d-40a2-a771-5441352feb64: TaskStarted(123,15905,None)
Sending msg to client play-fork-run-a1a418e2-d54d-40a2-a771-5441352feb64: TaskStarted(123,15906,None)
Sending msg to client play-fork-run-a1a418e2-d54d-40a2-a771-5441352feb64: TaskStarted(123,15907,Some(AttributeKey[scala.collection.Seq[java.lang.String]]("javaOptions") in Scope(Global)))
Sending msg to client play-fork-run-a1a418e2-d54d-40a2-a771-5441352feb64: TaskFinished(123,15877,Some(AttributeKey[boolean]("skip") in Scope(Global)),true,None)
Sending msg to client play-fork-run-a1a418e2-d54d-40a2-a771-5441352feb64: TaskFinished(123,15878,Some(AttributeKey[java.lang.String]("updateCacheName") in Scope(Build: file:/C:/play%20framework/hackfest/play-java-intro/, , Project: ProjectReference(file:/C:/play%20framework/hackfest/play-java-intro/,root))),true,None)
Sending msg to client play-fork-run-a1a418e2-d54d-40a2-a771-5441352feb64: TaskFinished(123,15885,None,true,None)
Sending msg to client play-fork-run-a1a418e2-d54d-40a2-a771-5441352feb64: TaskStarted(123,15884,Some(AttributeKey[sbt.BuildStructure]("buildStructure") in Scope(Global)))
Sending msg to client play-fork-run-a1a418e2-d54d-40a2-a771-5441352feb64: TaskStarted(123,15899,Some(AttributeKey[java.io.File]("dependencyCacheDirectory") in Scope(Build: file:/C:/play%20framework/hackfest/play-java-intro/, , Project: ProjectReference(file:/C:/play%20framework/hackfest/play-java-intro/,root))))
Sending msg to client play-fork-run-a1a418e2-d54d-40a2-a771-5441352feb64: TaskFinished(123,15875,None,true,None)
Sending msg to client play-fork-run-a1a418e2-d54d-40a2-a771-5441352feb64: TaskStarted(123,15874,None)
Sending msg to client play-fork-run-a1a418e2-d54d-40a2-a771-5441352feb64: TaskStarted(123,15887,None)
Sending msg to client play-fork-run-a1a418e2-d54d-40a2-a771-5441352feb64: TaskStarted(123,15894,None)
Sending msg to client play-fork-run-a1a418e2-d54d-40a2-a771-5441352feb64: TaskStarted(123,15895,None)
Sending msg to client play-fork-run-a1a418e2-d54d-40a2-a771-5441352feb64: TaskStarted(123,15902,None)
Sending msg to client play-fork-run-a1a418e2-d54d-40a2-a771-5441352feb64: TaskFinished(123,15891,Some(AttributeKey[scala.collection.Seq[sbt.Resolver]]("externalResolvers") in Scope(Build: file:/C:/play%20framework/hackfest/play-java-intro/, , Project: ProjectReference(file:/C:/play%20framework/hackfest/play-java-intro/,root))),true,None)
Sending msg to client play-fork-run-a1a418e2-d54d-40a2-a771-5441352feb64: TaskFinished(123,15890,Some(AttributeKey[scala.Option[scala.collection.Seq[sbt.Resolver]]]("bootResolvers") in Scope(Build: file:/C:/play%20framework/hackfest/play-java-intro/, , Project: ProjectReference(file:/C:/play%20framework/hackfest/play-java-intro/,root))),true,None)
Sending msg to client play-fork-run-a1a418e2-d54d-40a2-a771-5441352feb64: TaskFinished(123,15896,Some(AttributeKey[scala.collection.Seq[sbt.Credentials]]("credentials") in Scope(Global)),true,None)
Sending msg to client play-fork-run-a1a418e2-d54d-40a2-a771-5441352feb64: TaskFinished(123,15904,None,true,None)
Sending msg to client play-fork-run-a1a418e2-d54d-40a2-a771-5441352feb64: TaskFinished(123,15905,None,true,None)
Sending msg to client play-fork-run-a1a418e2-d54d-40a2-a771-5441352feb64: TaskStarted(123,15903,Some(AttributeKey[scala.collection.Seq[sbt.UpdateReport]]("transitiveUpdate") in Scope(Build: file:/C:/play%20framework/hackfest/play-java-intro/, , Project: ProjectReference(file:/C:/play%20framework/hackfest/play-java-intro/,root))))
Sending msg to client play-fork-run-a1a418e2-d54d-40a2-a771-5441352feb64: TaskFinished(123,15906,None,true,None)
Sending msg to client play-fork-run-a1a418e2-d54d-40a2-a771-5441352feb64: TaskFinished(123,15907,Some(AttributeKey[scala.collection.Seq[java.lang.String]]("javaOptions") in Scope(Global)),true,None)
Sending msg to client play-fork-run-a1a418e2-d54d-40a2-a771-5441352feb64: TaskFinished(123,15884,Some(AttributeKey[sbt.BuildStructure]("buildStructure") in Scope(Global)),true,None)
Sending msg to client play-fork-run-a1a418e2-d54d-40a2-a771-5441352feb64: TaskStarted(123,15883,Some(AttributeKey[sbt.Settings[sbt.Scope]]("settingsData") in Scope(Global)))
Sending msg to client play-fork-run-a1a418e2-d54d-40a2-a771-5441352feb64: TaskFinished(123,15899,Some(AttributeKey[java.io.File]("dependencyCacheDirectory") in Scope(Build: file:/C:/play%20framework/hackfest/play-java-intro/, , Project: ProjectReference(file:/C:/play%20framework/hackfest/play-java-intro/,root))),true,None)
Sending msg to client play-fork-run-a1a418e2-d54d-40a2-a771-5441352feb64: TaskFinished(123,15874,None,true,None)
Sending msg to client play-fork-run-a1a418e2-d54d-40a2-a771-5441352feb64: TaskFinished(123,15898,None,true,None)
Sending msg to client play-fork-run-a1a418e2-d54d-40a2-a771-5441352feb64: TaskFinished(123,15894,None,true,None)
Sending msg to client play-fork-run-a1a418e2-d54d-40a2-a771-5441352feb64: TaskFinished(123,15887,None,true,None)
Sending msg to client play-fork-run-a1a418e2-d54d-40a2-a771-5441352feb64: TaskFinished(123,15895,None,true,None)
Sending msg to client play-fork-run-a1a418e2-d54d-40a2-a771-5441352feb64: TaskFinished(123,15902,None,true,None)
Sending msg to client play-fork-run-a1a418e2-d54d-40a2-a771-5441352feb64: TaskStarted(123,15901,Some(AttributeKey[scala.collection.immutable.Map[sbt.ModuleID,sbt.SourcePosition]]("dependencyPositions") in Scope(Build: file:/C:/play%20framework/hackfest/play-java-intro/, , Project: ProjectReference(file:/C:/play%20framework/hackfest/play-java-intro/,root))))
Sending msg to client play-fork-run-a1a418e2-d54d-40a2-a771-5441352feb64: TaskFinished(123,15883,Some(AttributeKey[sbt.Settings[sbt.Scope]]("settingsData") in Scope(Global)),true,None)
Sending msg to client play-fork-run-a1a418e2-d54d-40a2-a771-5441352feb64: TaskStarted(123,15882,Some(AttributeKey[scala.collection.Seq[sbt.ModuleID]]("projectDependencies") in Scope(Build: file:/C:/play%20framework/hackfest/play-java-intro/, , Project: ProjectReference(file:/C:/play%20framework/hackfest/play-java-intro/,root))))
Sending msg to client play-fork-run-a1a418e2-d54d-40a2-a771-5441352feb64: TaskStarted(123,15893,Some(AttributeKey[scala.collection.immutable.Map[org.apache.ivy.core.module.id.ModuleRevisionId,org.apache.ivy.core.module.descriptor.ModuleDescriptor]]("projectDescriptors") in Scope(Build: file:/C:/play%20framework/hackfest/play-java-intro/, , Project: ProjectReference(file:/C:/play%20framework/hackfest/play-java-intro/,root))))
Sending msg to client play-fork-run-a1a418e2-d54d-40a2-a771-5441352feb64: TaskStarted(123,15897,None)
Sending msg to client play-fork-run-a1a418e2-d54d-40a2-a771-5441352feb64: TaskFinished(123,15903,Some(AttributeKey[scala.collection.Seq[sbt.UpdateReport]]("transitiveUpdate") in Scope(Build: file:/C:/play%20framework/hackfest/play-java-intro/, , Project: ProjectReference(file:/C:/play%20framework/hackfest/play-java-intro/,root))),true,None)
Sending msg to client play-fork-run-a1a418e2-d54d-40a2-a771-5441352feb64: TaskFinished(123,15882,Some(AttributeKey[scala.collection.Seq[sbt.ModuleID]]("projectDependencies") in Scope(Build: file:/C:/play%20framework/hackfest/play-java-intro/, , Project: ProjectReference(file:/C:/play%20framework/hackfest/play-java-intro/,root))),true,None)
Sending msg to client play-fork-run-a1a418e2-d54d-40a2-a771-5441352feb64: TaskStarted(123,15881,Some(AttributeKey[scala.collection.Seq[sbt.ModuleID]]("allDependencies") in Scope(Build: file:/C:/play%20framework/hackfest/play-java-intro/, , Project: ProjectReference(file:/C:/play%20framework/hackfest/play-java-intro/,root))))
Sending msg to client play-fork-run-a1a418e2-d54d-40a2-a771-5441352feb64: TaskStarted(123,15909,None)
Sending msg to client play-fork-run-a1a418e2-d54d-40a2-a771-5441352feb64: TaskStarted(123,15910,None)
Sending msg to client play-fork-run-a1a418e2-d54d-40a2-a771-5441352feb64: TaskFinished(123,15901,Some(AttributeKey[scala.collection.immutable.Map[sbt.ModuleID,sbt.SourcePosition]]("dependencyPositions") in Scope(Build: file:/C:/play%20framework/hackfest/play-java-intro/, , Project: ProjectReference(file:/C:/play%20framework/hackfest/play-java-intro/,root))),true,None)
Sending msg to client play-fork-run-a1a418e2-d54d-40a2-a771-5441352feb64: TaskStarted(123,15900,Some(AttributeKey[sbt.UnresolvedWarningConfiguration]("unresolvedWarningConfiguration") in Scope(Build: file:/C:/play%20framework/hackfest/play-java-intro/, , Project: ProjectReference(file:/C:/play%20framework/hackfest/play-java-intro/,root), Task: AttributeKey[sbt.UpdateReport]("update"))))
Sending msg to client play-fork-run-a1a418e2-d54d-40a2-a771-5441352feb64: TaskFinished(123,15909,None,true,None)
Sending msg to client play-fork-run-a1a418e2-d54d-40a2-a771-5441352feb64: TaskStarted(123,15908,None)
Sending msg to client play-fork-run-a1a418e2-d54d-40a2-a771-5441352feb64: TaskFinished(123,15910,None,true,None)
Sending msg to client play-fork-run-a1a418e2-d54d-40a2-a771-5441352feb64: TaskFinished(123,15897,None,true,None)
Sending msg to client play-fork-run-a1a418e2-d54d-40a2-a771-5441352feb64: TaskFinished(123,15881,Some(AttributeKey[scala.collection.Seq[sbt.ModuleID]]("allDependencies") in Scope(Build: file:/C:/play%20framework/hackfest/play-java-intro/, , Project: ProjectReference(file:/C:/play%20framework/hackfest/play-java-intro/,root))),true,None)
Sending msg to client play-fork-run-a1a418e2-d54d-40a2-a771-5441352feb64: TaskStarted(123,15880,Some(AttributeKey[sbt.ModuleSettings]("moduleSettings") in Scope(Build: file:/C:/play%20framework/hackfest/play-java-intro/, , Project: ProjectReference(file:/C:/play%20framework/hackfest/play-java-intro/,root))))
Sending msg to client play-fork-run-a1a418e2-d54d-40a2-a771-5441352feb64: TaskFinished(123,15900,Some(AttributeKey[sbt.UnresolvedWarningConfiguration]("unresolvedWarningConfiguration") in Scope(Build: file:/C:/play%20framework/hackfest/play-java-intro/, , Project: ProjectReference(file:/C:/play%20framework/hackfest/play-java-intro/,root), Task: AttributeKey[sbt.UpdateReport]("update"))),true,None)
Sending msg to client play-fork-run-a1a418e2-d54d-40a2-a771-5441352feb64: TaskFinished(123,15908,None,true,None)
Sending msg to client play-fork-run-a1a418e2-d54d-40a2-a771-5441352feb64: TaskFinished(123,15893,Some(AttributeKey[scala.collection.immutable.Map[org.apache.ivy.core.module.id.ModuleRevisionId,org.apache.ivy.core.module.descriptor.ModuleDescriptor]]("projectDescriptors") in Scope(Build: file:/C:/play%20framework/hackfest/play-java-intro/, , Project: ProjectReference(file:/C:/play%20framework/hackfest/play-java-intro/,root))),true,None)
Sending msg to client play-fork-run-a1a418e2-d54d-40a2-a771-5441352feb64: TaskStarted(123,15892,Some(AttributeKey[sbt.Resolver]("projectResolver") in Scope(Build: file:/C:/play%20framework/hackfest/play-java-intro/, , Project: ProjectReference(file:/C:/play%20framework/hackfest/play-java-intro/,root))))
Sending msg to client play-fork-run-a1a418e2-d54d-40a2-a771-5441352feb64: TaskFinished(123,15880,Some(AttributeKey[sbt.ModuleSettings]("moduleSettings") in Scope(Build: file:/C:/play%20framework/hackfest/play-java-intro/, , Project: ProjectReference(file:/C:/play%20framework/hackfest/play-java-intro/,root))),true,None)
Sending msg to client play-fork-run-a1a418e2-d54d-40a2-a771-5441352feb64: TaskFinished(123,15892,Some(AttributeKey[sbt.Resolver]("projectResolver") in Scope(Build: file:/C:/play%20framework/hackfest/play-java-intro/, , Project: ProjectReference(file:/C:/play%20framework/hackfest/play-java-intro/,root))),true,None)
Sending msg to client play-fork-run-a1a418e2-d54d-40a2-a771-5441352feb64: TaskStarted(123,15889,Some(AttributeKey[scala.collection.Seq[sbt.Resolver]]("fullResolvers") in Scope(Build: file:/C:/play%20framework/hackfest/play-java-intro/, , Project: ProjectReference(file:/C:/play%20framework/hackfest/play-java-intro/,root))))
Sending msg to client play-fork-run-a1a418e2-d54d-40a2-a771-5441352feb64: TaskFinished(123,15889,Some(AttributeKey[scala.collection.Seq[sbt.Resolver]]("fullResolvers") in Scope(Build: file:/C:/play%20framework/hackfest/play-java-intro/, , Project: ProjectReference(file:/C:/play%20framework/hackfest/play-java-intro/,root))),true,None)
Sending msg to client play-fork-run-a1a418e2-d54d-40a2-a771-5441352feb64: TaskStarted(123,15888,Some(AttributeKey[sbt.IvyConfiguration]("ivyConfiguration") in Scope(Build: file:/C:/play%20framework/hackfest/play-java-intro/, , Project: ProjectReference(file:/C:/play%20framework/hackfest/play-java-intro/,root))))
Sending msg to client play-fork-run-a1a418e2-d54d-40a2-a771-5441352feb64: TaskFinished(123,15888,Some(AttributeKey[sbt.IvyConfiguration]("ivyConfiguration") in Scope(Build: file:/C:/play%20framework/hackfest/play-java-intro/, , Project: ProjectReference(file:/C:/play%20framework/hackfest/play-java-intro/,root))),true,None)
Sending msg to client play-fork-run-a1a418e2-d54d-40a2-a771-5441352feb64: TaskStarted(123,15886,Some(AttributeKey[sbt.IvySbt]("ivySbt") in Scope(Build: file:/C:/play%20framework/hackfest/play-java-intro/, , Project: ProjectReference(file:/C:/play%20framework/hackfest/play-java-intro/,root))))
Sending msg to client play-fork-run-a1a418e2-d54d-40a2-a771-5441352feb64: TaskFinished(123,15886,Some(AttributeKey[sbt.IvySbt]("ivySbt") in Scope(Build: file:/C:/play%20framework/hackfest/play-java-intro/, , Project: ProjectReference(file:/C:/play%20framework/hackfest/play-java-intro/,root))),true,None)
Sending msg to client play-fork-run-a1a418e2-d54d-40a2-a771-5441352feb64: TaskStarted(123,15879,Some(AttributeKey[sbt.IvySbt$Module]("ivyModule") in Scope(Build: file:/C:/play%20framework/hackfest/play-java-intro/, , Project: ProjectReference(file:/C:/play%20framework/hackfest/play-java-intro/,root))))
Sending msg to client play-fork-run-a1a418e2-d54d-40a2-a771-5441352feb64: TaskFinished(123,15879,Some(AttributeKey[sbt.IvySbt$Module]("ivyModule") in Scope(Build: file:/C:/play%20framework/hackfest/play-java-intro/, , Project: ProjectReference(file:/C:/play%20framework/hackfest/play-java-intro/,root))),true,None)
Sending msg to client play-fork-run-a1a418e2-d54d-40a2-a771-5441352feb64: TaskStarted(123,15876,Some(AttributeKey[sbt.UpdateReport]("update") in Scope(Build: file:/C:/play%20framework/hackfest/play-java-intro/, , Project: ProjectReference(file:/C:/play%20framework/hackfest/play-java-intro/,root))))
Sending msg to client play-fork-run-a1a418e2-d54d-40a2-a771-5441352feb64: BackgroundJobLogEvent(7,LogMessage(info,Stopping Play fork run ...))
Sending msg to client play-fork-run-a1a418e2-d54d-40a2-a771-5441352feb64: TaskFinished(123,15876,Some(AttributeKey[sbt.UpdateReport]("update") in Scope(Build: file:/C:/play%20framework/hackfest/play-java-intro/, , Project: ProjectReference(file:/C:/play%20framework/hackfest/play-java-intro/,root))),true,None)
Sending msg to client play-fork-run-a1a418e2-d54d-40a2-a771-5441352feb64: TaskStarted(123,15873,Some(AttributeKey[sbt.UpdateReport]("update") in Scope(Build: file:/C:/play%20framework/hackfest/play-java-intro/, , Project: ProjectReference(file:/C:/play%20framework/hackfest/play-java-intro/,root))))
Sending msg to client play-fork-run-a1a418e2-d54d-40a2-a771-5441352feb64: TaskFinished(123,15873,Some(AttributeKey[sbt.UpdateReport]("update") in Scope(Build: file:/C:/play%20framework/hackfest/play-java-intro/, , Project: ProjectReference(file:/C:/play%20framework/hackfest/play-java-intro/,root))),true,None)
Sending msg to client play-fork-run-a1a418e2-d54d-40a2-a771-5441352feb64: TaskStarted(123,15872,Some(AttributeKey[scala.collection.Seq[sbt.Attributed[java.io.File]]]("managedClasspath") in Scope(Build: file:/C:/play%20framework/hackfest/play-java-intro/, , Project: ProjectReference(file:/C:/play%20framework/hackfest/play-java-intro/,root), Config: fork-run)))
Sending msg to client play-fork-run-a1a418e2-d54d-40a2-a771-5441352feb64: BackgroundJobLogEvent(7,LogMessage(info,- play.api.libs.concurrent.ActorSystemProvider - Shutdown application default Akka system: application))
Sending msg to client play-fork-run-a1a418e2-d54d-40a2-a771-5441352feb64: TaskFinished(123,15872,Some(AttributeKey[scala.collection.Seq[sbt.Attributed[java.io.File]]]("managedClasspath") in Scope(Build: file:/C:/play%20framework/hackfest/play-java-intro/, , Project: ProjectReference(file:/C:/play%20framework/hackfest/play-java-intro/,root), Config: fork-run)),true,None)
Sending msg to client play-fork-run-a1a418e2-d54d-40a2-a771-5441352feb64: TaskStarted(123,15871,Some(AttributeKey[play.sbt.forkrun.PlayForkOptions]("playForkRunOptions") in Scope(Build: file:/C:/play%20framework/hackfest/play-java-intro/, , Project: ProjectReference(file:/C:/play%20framework/hackfest/play-java-intro/,root))))
Sending msg to client play-fork-run-a1a418e2-d54d-40a2-a771-5441352feb64: BackgroundJobLogEvent(7,LogMessage(info,- application - Shutting down connection pool.))
Sending msg to client play-fork-run-a1a418e2-d54d-40a2-a771-5441352feb64: TaskFinished(123,15871,Some(AttributeKey[play.sbt.forkrun.PlayForkOptions]("playForkRunOptions") in Scope(Build: file:/C:/play%20framework/hackfest/play-java-intro/, , Project: ProjectReference(file:/C:/play%20framework/hackfest/play-java-intro/,root))),true,None)
Sending msg to client play-fork-run-a1a418e2-d54d-40a2-a771-5441352feb64: TaskStarted(123,15870,Some(AttributeKey[sbt.BackgroundJobHandle]("backgroundRun") in Scope(Build: file:/C:/play%20framework/hackfest/play-java-intro/, , Project: ProjectReference(file:/C:/play%20framework/hackfest/play-java-intro/,root), Config: compile)))
Sending msg to client play-fork-run-a1a418e2-d54d-40a2-a771-5441352feb64: BackgroundJobStarted(123,BackgroundJobInfo(8,backgroundRun,AttributeKey[sbt.BackgroundJobHandle]("backgroundRun") in Scope(Build: file:/C:/play%20framework/hackfest/play-java-intro/, , Project: ProjectReference(file:/C:/play%20framework/hackfest/play-java-intro/,root), Config: compile)))
Sending msg to client play-fork-run-a1a418e2-d54d-40a2-a771-5441352feb64: TaskFinished(123,15870,Some(AttributeKey[sbt.BackgroundJobHandle]("backgroundRun") in Scope(Build: file:/C:/play%20framework/hackfest/play-java-intro/, , Project: ProjectReference(file:/C:/play%20framework/hackfest/play-java-intro/,root), Config: compile)),true,None)
Sending msg to client play-fork-run-a1a418e2-d54d-40a2-a771-5441352feb64: TaskStarted(123,15869,None)
Sending msg to client play-fork-run-a1a418e2-d54d-40a2-a771-5441352feb64: TaskFinished(123,15869,None,true,None)
Sending msg to client play-fork-run-a1a418e2-d54d-40a2-a771-5441352feb64: TaskStarted(123,15868,None)
Sending msg to client play-fork-run-a1a418e2-d54d-40a2-a771-5441352feb64: TaskFinished(123,15868,None,true,None)
Sending msg to client play-fork-run-a1a418e2-d54d-40a2-a771-5441352feb64: DetachedLogEvent(LogMessage(debug,cancel strategy finish enabled=false lastCommand=Some(LastCommand(CommandExecutionWork(ExecutionId(123),backgroundRun,Set(LiveClient(activator d86720e2-70c2-4c85-914e-42a2ac5b55d1)),sbt.server.WorkCancellationStatus$$anon$1@1f236884)))))
Sending msg to client play-fork-run-a1a418e2-d54d-40a2-a771-5441352feb64: DetachedLogEvent(LogSuccess(Total time: 0 s, completed Jun 28, 2015 8:40:41 PM))
Sending msg to client play-fork-run-a1a418e2-d54d-40a2-a771-5441352feb64: DetachedLogEvent(LogMessage(debug,> server-post-command-cleanup))
Sending msg to client play-fork-run-a1a418e2-d54d-40a2-a771-5441352feb64: ExecutionSuccess(123)
Sending msg to client play-fork-run-a1a418e2-d54d-40a2-a771-5441352feb64: DetachedLogEvent(LogMessage(debug,> server-handle-next-server-request))
Got request: UnlistenToEvents()
Reading next message from client.
Sending msg to client play-fork-run-a1a418e2-d54d-40a2-a771-5441352feb64: (22,ReceivedResponse())
Got request: UnlistenToValue(AttributeKey[play.forkrun.protocol.ForkConfig]("playForkConfig") in Scope(Build: file:/C:/play%20framework/hackfest/play-java-intro/, , Project: ProjectReference(file:/C:/play%20framework/hackfest/play-java-intro/,root)))
Reading next message from client.
Got request: UnlistenToValue(AttributeKey[play.runsupport.Reloader$CompileResult]("playForkReload") in Scope(Build: file:/C:/play%20framework/hackfest/play-java-intro/, , Project: ProjectReference(file:/C:/play%20framework/hackfest/play-java-intro/,root)))
Reading next message from client.
Sending msg to client play-fork-run-a1a418e2-d54d-40a2-a771-5441352feb64: (23,ReceivedResponse())
Sending msg to client play-fork-run-a1a418e2-d54d-40a2-a771-5441352feb64: (24,ReceivedResponse())
Client play-fork-run-a1a418e2-d54d-40a2-a771-5441352feb64 EOF, shutting down.
Stopping client.
Dropping message (0,ReceivedResponse()) to dead client play-fork-run-a1a418e2-d54d-40a2-a771-5441352feb64
Client play-fork-run-a1a418e2-d54d-40a2-a771-5441352feb64 thread exiting.
